Log file open, 03/07/22 18:50:25
LogWindows: Failed to load 'aqProf.dll' (GetLastError=126)
LogWindows: File 'aqProf.dll' does not exist
LogWindows: Failed to load 'VtuneApi.dll' (GetLastError=126)
LogWindows: File 'VtuneApi.dll' does not exist
LogWindows: Failed to load 'VtuneApi32e.dll' (GetLastError=126)
LogWindows: File 'VtuneApi32e.dll' does not exist
LogConsoleResponse: Display: Failed to find resolution value strings in scalability ini. Falling back to default.
LogConsoleResponse: Display: Failed to find resolution value strings in scalability ini. Falling back to default.
LogInit: Display: Running engine for game: MyProject_3_7
LogPlatformFile: Not using cached read wrapper
LogTaskGraph: Started task graph with 5 named threads and 59 total threads with 3 sets of task threads.
LogStats: Stats thread started at 0.341606
LogICUInternationalization: ICU TimeZone Detection - Raw Offset: +9:00, Platform Override: ''
LogInit: Display: Loading text-based GConfig....
LogPluginManager: Mounting plugin MeshPainting
LogPluginManager: Mounting plugin XGEController
LogPluginManager: Mounting plugin Paper2D
LogPluginManager: Mounting plugin LiveLink
LogPluginManager: Mounting plugin AISupport
LogPluginManager: Mounting plugin EnvironmentQueryEditor
LogPluginManager: Mounting plugin GameplayCameras
LogPluginManager: Mounting plugin LightPropagationVolume
LogPluginManager: Mounting plugin CameraShakePreviewer
LogPluginManager: Mounting plugin DatasmithContent
LogPluginManager: Mounting plugin OodleData
LogPluginManager: Mounting plugin AssetManagerEditor
LogPluginManager: Mounting plugin VariantManagerContent
LogPluginManager: Mounting plugin OodleNetwork
LogPluginManager: Mounting plugin DataValidation
LogPluginManager: Mounting plugin CryptoKeys
LogPluginManager: Mounting plugin CurveEditorTools
LogPluginManager: Mounting plugin GameplayTagsEditor
LogPluginManager: Mounting plugin FacialAnimation
LogPluginManager: Mounting plugin GeometryMode
LogPluginManager: Mounting plugin MacGraphicsSwitching
LogPluginManager: Mounting plugin MaterialAnalyzer
LogPluginManager: Mounting plugin MobileLauncherProfileWizard
LogPluginManager: Mounting plugin PluginBrowser
LogPluginManager: Mounting plugin SpeedTreeImporter
LogPluginManager: Mounting plugin AlembicImporter
LogPluginManager: Mounting plugin AutomationUtils
LogPluginManager: Mounting plugin BackChannel
LogPluginManager: Mounting plugin ChaosCloth
LogPluginManager: Mounting plugin ChaosClothEditor
LogPluginManager: Mounting plugin ChaosNiagara
LogPluginManager: Mounting plugin ChaosEditor
LogPluginManager: Mounting plugin ChaosSolverPlugin
LogPluginManager: Mounting plugin CharacterAI
LogPluginManager: Mounting plugin GeometryCache
LogPluginManager: Mounting plugin MagicLeap
LogPluginManager: Mounting plugin GeometryCollectionPlugin
LogPluginManager: Mounting plugin LuminPlatformFeatures
LogPluginManager: Mounting plugin AnimationSharing
LogPluginManager: Mounting plugin MagicLeapLightEstimation
LogPluginManager: Mounting plugin MagicLeapMedia
LogPluginManager: Mounting plugin MagicLeapPassableWorld
LogPluginManager: Mounting plugin MLSDK
LogPluginManager: Mounting plugin CLionSourceCodeAccess
LogPluginManager: Mounting plugin CodeLiteSourceCodeAccess
LogPluginManager: Mounting plugin GitSourceControl
LogPluginManager: Mounting plugin KDevelopSourceCodeAccess
LogPluginManager: Mounting plugin NullSourceCodeAccess
LogPluginManager: Mounting plugin PixWinPlugin
LogPluginManager: Mounting plugin PerforceSourceControl
LogPluginManager: Mounting plugin PlasticSourceControl
LogPluginManager: Mounting plugin PluginUtils
LogPluginManager: Mounting plugin PropertyAccessNode
LogPluginManager: Mounting plugin RiderSourceCodeAccess
LogPluginManager: Mounting plugin GeometryProcessing
LogPluginManager: Mounting plugin SubversionSourceControl
LogPluginManager: Mounting plugin TextureFormatOodle
LogPluginManager: Mounting plugin UObjectPlugin
LogPluginManager: Mounting plugin MotoSynth
LogPluginManager: Mounting plugin OpenImageDenoise
LogPluginManager: Mounting plugin PlanarCut
LogPluginManager: Mounting plugin VisualStudioCodeSourceCodeAccess
LogPluginManager: Mounting plugin PlatformCrypto
LogPluginManager: Mounting plugin VisualStudioSourceCodeAccess
LogPluginManager: Mounting plugin XCodeSourceCodeAccess
LogPluginManager: Mounting plugin ProxyLODPlugin
LogPluginManager: Mounting plugin PythonScriptPlugin
LogPluginManager: Mounting plugin Niagara
LogPluginManager: Mounting plugin SkeletalReduction
LogPluginManager: Mounting plugin AndroidMedia
LogPluginManager: Mounting plugin AvfMedia
LogPluginManager: Mounting plugin ImgMedia
LogPluginManager: Mounting plugin MediaCompositing
LogPluginManager: Mounting plugin MediaPlayerEditor
LogPluginManager: Mounting plugin WebMMedia
LogPluginManager: Mounting plugin WmfMedia
LogPluginManager: Mounting plugin TcpMessaging
LogPluginManager: Mounting plugin UdpMessaging
LogPluginManager: Mounting plugin ActorSequence
LogPluginManager: Mounting plugin LevelSequenceEditor
LogPluginManager: Mounting plugin MatineeToLevelSequence
LogPluginManager: Mounting plugin TemplateSequence
LogPluginManager: Mounting plugin OnlineSubsystem
LogPluginManager: Mounting plugin ActorLayerUtilities
LogPluginManager: Mounting plugin LauncherChunkInstaller
LogPluginManager: Mounting plugin AndroidDeviceProfileSelector
LogPluginManager: Mounting plugin AndroidMoviePlayer
LogPluginManager: Mounting plugin AndroidPermission
LogPluginManager: Mounting plugin AppleMoviePlayer
LogPluginManager: Mounting plugin AppleImageUtils
LogPluginManager: Mounting plugin OnlineSubsystemNull
LogPluginManager: Mounting plugin ArchVisCharacter
LogPluginManager: Mounting plugin AssetTags
LogPluginManager: Mounting plugin AudioCapture
LogPluginManager: Mounting plugin OnlineSubsystemUtils
LogPluginManager: Mounting plugin AudioSynesthesia
LogPluginManager: Mounting plugin CableComponent
LogPluginManager: Mounting plugin ChunkDownloader
LogPluginManager: Mounting plugin CustomMeshComponent
LogPluginManager: Mounting plugin ExampleDeviceProfileSelector
LogPluginManager: Mounting plugin EditableMesh
LogPluginManager: Mounting plugin GoogleCloudMessaging
LogPluginManager: Mounting plugin GooglePAD
LogPluginManager: Mounting plugin ScreenshotTools
LogPluginManager: Mounting plugin IOSDeviceProfileSelector
LogPluginManager: Mounting plugin LinuxDeviceProfileSelector
LogPluginManager: Mounting plugin LocationServicesBPLibrary
LogPluginManager: Mounting plugin Takes
LogPluginManager: Mounting plugin MobilePatchingUtils
LogPluginManager: Mounting plugin OpenXR
LogPluginManager: Mounting plugin OpenXREyeTracker
LogPluginManager: Mounting plugin OpenXRHandTracking
LogPluginManager: Mounting plugin PhysXVehicles
LogPluginManager: Mounting plugin PostSplashScreen
LogPluginManager: Mounting plugin ProceduralMeshComponent
LogPluginManager: Mounting plugin RuntimePhysXCooking
LogPluginManager: Mounting plugin SignificanceManager
LogPluginManager: Mounting plugin PropertyAccessEditor
LogPluginManager: Mounting plugin SoundFields
LogPluginManager: Mounting plugin Synthesis
LogPluginManager: Mounting plugin WebMMoviePlayer
LogPluginManager: Mounting plugin WindowsMoviePlayer
LogPluginManager: Mounting plugin ContentBrowserFileDataSource
LogPluginManager: Mounting plugin ContentBrowserClassDataSource
LogPluginManager: Mounting plugin ContentBrowserAssetDataSource
LogPluginManager: Mounting plugin OnlineSubsystemGooglePlay
LogPluginManager: Mounting plugin OnlineSubsystemIOS
LogPluginManager: Mounting plugin OculusVR
LogPluginManager: Mounting plugin SteamVR
PixWinPlugin: PIX capture plugin failed to initialize! Check that the process is launched from PIX.
LogInit: Using libcurl 7.55.1-DEV
LogInit:  - built for x86_64-pc-win32
LogInit:  - supports SSL with OpenSSL/1.1.1
LogInit:  - supports HTTP deflate (compression) using libz 1.2.8
LogInit:  - other features:
LogInit:      CURL_VERSION_SSL
LogInit:      CURL_VERSION_LIBZ
LogInit:      CURL_VERSION_IPV6
LogInit:      CURL_VERSION_ASYNCHDNS
LogInit:      CURL_VERSION_LARGEFILE
LogInit:      CURL_VERSION_IDN
LogInit:  CurlRequestOptions (configurable via config and command line):
LogInit:  - bVerifyPeer = true  - Libcurl will verify peer certificate
LogInit:  - bUseHttpProxy = false  - Libcurl will NOT use HTTP proxy
LogInit:  - bDontReuseConnections = false  - Libcurl will reuse connections
LogInit:  - MaxHostConnections = 16  - Libcurl will limit the number of connections to a host
LogInit:  - LocalHostAddr = Default
LogInit:  - BufferSize = 65536
LogOnline: OSS: Creating online subsystem instance for: NULL
LogInit: WinSock: version 1.1 (2.2), MaxSocks=32767, MaxUdp=65467
LogOnline: OSS: TryLoadSubsystemAndSetDefault: Loaded subsystem for module [NULL]
LogOculusPluginWrapper: OculusPlugin initialized successfully
LogHMD: Failed initializing OVRPlugin 1.59.0
LogInit: Build: ++UE4+Release-4.27-CL-18319896
LogInit: Engine Version: 4.27.2-18319896+++UE4+Release-4.27
LogInit: Compatible Engine Version: 4.27.0-17155196+++UE4+Release-4.27
LogInit: Net CL: 17155196
LogInit: OS: Windows 10 (Release 2009) (), CPU: Intel(R) Core(TM) i9-7900X CPU @ 3.30GHz, GPU: NVIDIA GeForce RTX 2080 Ti
LogInit: Compiled (64-bit): Nov 30 2021 07:12:08
LogInit: Compiled with Visual C++: 19.24.28315.00
LogInit: Build Configuration: Development
LogInit: Branch Name: ++UE4+Release-4.27
LogInit: Command Line: 
LogInit: Base Directory: C:/Program Files/Epic Games/UE_4.27/Engine/Binaries/Win64/
LogInit: Allocator: TBB
LogInit: Installed Engine Build: 1
LogDevObjectVersion: Number of dev versions registered: 29
LogDevObjectVersion:   Dev-Blueprints (B0D832E4-1F89-4F0D-ACCF-7EB736FD4AA2): 10
LogDevObjectVersion:   Dev-Build (E1C64328-A22C-4D53-A36C-8E866417BD8C): 0
LogDevObjectVersion:   Dev-Core (375EC13C-06E4-48FB-B500-84F0262A717E): 4
LogDevObjectVersion:   Dev-Editor (E4B068ED-F494-42E9-A231-DA0B2E46BB41): 40
LogDevObjectVersion:   Dev-Framework (CFFC743F-43B0-4480-9391-14DF171D2073): 37
LogDevObjectVersion:   Dev-Mobile (B02B49B5-BB20-44E9-A304-32B752E40360): 3
LogDevObjectVersion:   Dev-Networking (A4E4105C-59A1-49B5-A7C5-40C4547EDFEE): 0
LogDevObjectVersion:   Dev-Online (39C831C9-5AE6-47DC-9A44-9C173E1C8E7C): 0
LogDevObjectVersion:   Dev-Physics (78F01B33-EBEA-4F98-B9B4-84EACCB95AA2): 14
LogDevObjectVersion:   Dev-Platform (6631380F-2D4D-43E0-8009-CF276956A95A): 0
LogDevObjectVersion:   Dev-Rendering (12F88B9F-8875-4AFC-A67C-D90C383ABD29): 45
LogDevObjectVersion:   Dev-Sequencer (7B5AE74C-D270-4C10-A958-57980B212A5A): 13
LogDevObjectVersion:   Dev-VR (D7296918-1DD6-4BDD-9DE2-64A83CC13884): 3
LogDevObjectVersion:   Dev-LoadTimes (C2A15278-BFE7-4AFE-6C17-90FF531DF755): 1
LogDevObjectVersion:   Private-Geometry (6EACA3D4-40EC-4CC1-B786-8BED09428FC5): 3
LogDevObjectVersion:   Dev-AnimPhys (29E575DD-E0A3-4627-9D10-D276232CDCEA): 17
LogDevObjectVersion:   Dev-Anim (AF43A65D-7FD3-4947-9873-3E8ED9C1BB05): 15
LogDevObjectVersion:   Dev-ReflectionCapture (6B266CEC-1EC7-4B8F-A30B-E4D90942FC07): 1
LogDevObjectVersion:   Dev-Automation (0DF73D61-A23F-47EA-B727-89E90C41499A): 1
LogDevObjectVersion:   FortniteMain (601D1886-AC64-4F84-AA16-D3DE0DEAC7D6): 47
LogDevObjectVersion:   FortniteRelease (E7086368-6B23-4C58-8439-1B7016265E91): 1
LogDevObjectVersion:   Dev-Enterprise (9DFFBCD6-494F-0158-E221-12823C92A888): 10
LogDevObjectVersion:   Dev-Niagara (F2AED0AC-9AFE-416F-8664-AA7FFA26D6FC): 1
LogDevObjectVersion:   Dev-Destruction (174F1F0B-B4C6-45A5-B13F-2EE8D0FB917D): 10
LogDevObjectVersion:   Dev-Physics-Ext (35F94A83-E258-406C-A318-09F59610247C): 41
LogDevObjectVersion:   Dev-PhysicsMaterial-Chaos (B68FC16E-8B1B-42E2-B453-215C058844FE): 1
LogDevObjectVersion:   Dev-CineCamera (B2E18506-4273-CFC2-A54E-F4BB758BBA07): 1
LogDevObjectVersion:   Dev-VirtualProduction (64F58936-FD1B-42BA-BA96-7289D5D0FA4E): 1
LogDevObjectVersion:   Dev-MediaFramework (6F0ED827-A609-4895-9C91-998D90180EA4): 2
LogInit: Presizing for max 25165824 objects, including 0 objects not considered by GC, pre-allocating 0 bytes for permanent pool.
LogConfig: Applying CVar settings from Section [/Script/Engine.StreamingSettings] File [C:/Users/KOCCA30/Desktop/Education/-/MyProject_3_7/Saved/Config/Windows/Engine.ini]
LogConfig: Setting CVar [[s.MinBulkDataSizeForAsyncLoading:131072]]
LogConfig: Setting CVar [[s.AsyncLoadingThreadEnabled:0]]
LogConfig: Setting CVar [[s.EventDrivenLoaderEnabled:1]]
LogConfig: Setting CVar [[s.WarnIfTimeLimitExceeded:0]]
LogConfig: Setting CVar [[s.TimeLimitExceededMultiplier:1.5]]
LogConfig: Setting CVar [[s.TimeLimitExceededMinTime:0.005]]
LogConfig: Setting CVar [[s.UseBackgroundLevelStreaming:1]]
LogConfig: Setting CVar [[s.PriorityAsyncLoadingExtraTime:15.0]]
LogConfig: Setting CVar [[s.LevelStreamingActorsUpdateTimeLimit:5.0]]
LogConfig: Setting CVar [[s.PriorityLevelStreamingActorsUpdateExtraTime:5.0]]
LogConfig: Setting CVar [[s.LevelStreamingComponentsRegistrationGranularity:10]]
LogConfig: Setting CVar [[s.UnregisterComponentsTimeLimit:1.0]]
LogConfig: Setting CVar [[s.LevelStreamingComponentsUnregistrationGranularity:5]]
LogConfig: Setting CVar [[s.FlushStreamingOnExit:1]]
LogInit: Object subsystem initialized
LogConfig: Setting CVar [[con.DebugEarlyDefault:1]]
LogConfig: Setting CVar [[r.setres:1280x720]]
[2022.03.07-09.50.27:084][  0]LogConfig: Setting CVar [[r.VSync:0]]
[2022.03.07-09.50.27:084][  0]LogConfig: Setting CVar [[r.RHICmdBypass:0]]
[2022.03.07-09.50.27:085][  0]LogConfig: Applying CVar settings from Section [/Script/Engine.RendererSettings] File [C:/Users/KOCCA30/Desktop/Education/-/MyProject_3_7/Saved/Config/Windows/Engine.ini]
[2022.03.07-09.50.27:085][  0]LogConfig: Setting CVar [[r.GPUCrashDebugging:0]]
[2022.03.07-09.50.27:085][  0]LogConfig: Applying CVar settings from Section [/Script/Engine.RendererOverrideSettings] File [C:/Users/KOCCA30/Desktop/Education/-/MyProject_3_7/Saved/Config/Windows/Engine.ini]
[2022.03.07-09.50.27:085][  0]LogConfig: Applying CVar settings from Section [/Script/Engine.StreamingSettings] File [C:/Users/KOCCA30/Desktop/Education/-/MyProject_3_7/Saved/Config/Windows/Engine.ini]
[2022.03.07-09.50.27:085][  0]LogConfig: Setting CVar [[s.MinBulkDataSizeForAsyncLoading:131072]]
[2022.03.07-09.50.27:085][  0]LogConfig: Setting CVar [[s.AsyncLoadingThreadEnabled:0]]
[2022.03.07-09.50.27:085][  0]LogConfig: Setting CVar [[s.EventDrivenLoaderEnabled:1]]
[2022.03.07-09.50.27:085][  0]LogConfig: Setting CVar [[s.WarnIfTimeLimitExceeded:0]]
[2022.03.07-09.50.27:085][  0]LogConfig: Setting CVar [[s.TimeLimitExceededMultiplier:1.5]]
[2022.03.07-09.50.27:085][  0]LogConfig: Setting CVar [[s.TimeLimitExceededMinTime:0.005]]
[2022.03.07-09.50.27:085][  0]LogConfig: Setting CVar [[s.UseBackgroundLevelStreaming:1]]
[2022.03.07-09.50.27:085][  0]LogConfig: Setting CVar [[s.PriorityAsyncLoadingExtraTime:15.0]]
[2022.03.07-09.50.27:085][  0]LogConfig: Setting CVar [[s.LevelStreamingActorsUpdateTimeLimit:5.0]]
[2022.03.07-09.50.27:085][  0]LogConfig: Setting CVar [[s.PriorityLevelStreamingActorsUpdateExtraTime:5.0]]
[2022.03.07-09.50.27:085][  0]LogConfig: Setting CVar [[s.LevelStreamingComponentsRegistrationGranularity:10]]
[2022.03.07-09.50.27:085][  0]LogConfig: Setting CVar [[s.UnregisterComponentsTimeLimit:1.0]]
[2022.03.07-09.50.27:085][  0]LogConfig: Setting CVar [[s.LevelStreamingComponentsUnregistrationGranularity:5]]
[2022.03.07-09.50.27:085][  0]LogConfig: Setting CVar [[s.FlushStreamingOnExit:1]]
[2022.03.07-09.50.27:085][  0]LogConfig: Applying CVar settings from Section [/Script/Engine.GarbageCollectionSettings] File [C:/Users/KOCCA30/Desktop/Education/-/MyProject_3_7/Saved/Config/Windows/Engine.ini]
[2022.03.07-09.50.27:085][  0]LogConfig: Setting CVar [[gc.MaxObjectsNotConsideredByGC:1]]
[2022.03.07-09.50.27:085][  0]LogConfig: Setting CVar [[gc.SizeOfPermanentObjectPool:0]]
[2022.03.07-09.50.27:085][  0]LogConfig: Setting CVar [[gc.FlushStreamingOnGC:0]]
[2022.03.07-09.50.27:085][  0]LogConfig: Setting CVar [[gc.NumRetriesBeforeForcingGC:10]]
[2022.03.07-09.50.27:085][  0]LogConfig: Setting CVar [[gc.AllowParallelGC:1]]
[2022.03.07-09.50.27:086][  0]LogConfig: Setting CVar [[gc.TimeBetweenPurgingPendingKillObjects:61.1]]
[2022.03.07-09.50.27:086][  0]LogConfig: Setting CVar [[gc.MaxObjectsInEditor:25165824]]
[2022.03.07-09.50.27:086][  0]LogConfig: Setting CVar [[gc.IncrementalBeginDestroyEnabled:1]]
[2022.03.07-09.50.27:086][  0]LogConfig: Setting CVar [[gc.CreateGCClusters:1]]
[2022.03.07-09.50.27:086][  0]LogConfig: Setting CVar [[gc.MinGCClusterSize:5]]
[2022.03.07-09.50.27:086][  0]LogConfig: Setting CVar [[gc.ActorClusteringEnabled:0]]
[2022.03.07-09.50.27:086][  0]LogConfig: Setting CVar [[gc.BlueprintClusteringEnabled:0]]
[2022.03.07-09.50.27:086][  0]LogConfig: Setting CVar [[gc.UseDisregardForGCOnDedicatedServers:0]]
[2022.03.07-09.50.27:086][  0]LogConfig: Setting CVar [[gc.MultithreadedDestructionEnabled:1]]
[2022.03.07-09.50.27:086][  0]LogConfig: Applying CVar settings from Section [/Script/Engine.NetworkSettings] File [C:/Users/KOCCA30/Desktop/Education/-/MyProject_3_7/Saved/Config/Windows/Engine.ini]
[2022.03.07-09.50.27:086][  0]LogConfig: Applying CVar settings from Section [/Script/UnrealEd.CookerSettings] File [C:/Users/KOCCA30/Desktop/Education/-/MyProject_3_7/Saved/Config/Windows/Engine.ini]
[2022.03.07-09.50.27:211][  0]LogConfig: Applying CVar settings from Section [ViewDistanceQuality@3] File [C:/Users/KOCCA30/Desktop/Education/-/MyProject_3_7/Saved/Config/Windows/Scalability.ini]
[2022.03.07-09.50.27:211][  0]LogConfig: Setting CVar [[r.SkeletalMeshLODBias:0]]
[2022.03.07-09.50.27:211][  0]LogConfig: Setting CVar [[r.ViewDistanceScale:1.0]]
[2022.03.07-09.50.27:211][  0]LogConfig: Applying CVar settings from Section [AntiAliasingQuality@3] File [C:/Users/KOCCA30/Desktop/Education/-/MyProject_3_7/Saved/Config/Windows/Scalability.ini]
[2022.03.07-09.50.27:211][  0]LogConfig: Setting CVar [[r.PostProcessAAQuality:4]]
[2022.03.07-09.50.27:211][  0]LogConfig: Applying CVar settings from Section [ShadowQuality@3] File [C:/Users/KOCCA30/Desktop/Education/-/MyProject_3_7/Saved/Config/Windows/Scalability.ini]
[2022.03.07-09.50.27:212][  0]LogConfig: Setting CVar [[r.LightFunctionQuality:1]]
[2022.03.07-09.50.27:212][  0]LogConfig: Setting CVar [[r.ShadowQuality:5]]
[2022.03.07-09.50.27:212][  0]LogConfig: Setting CVar [[r.Shadow.CSM.MaxCascades:10]]
[2022.03.07-09.50.27:212][  0]LogConfig: Setting CVar [[r.Shadow.MaxResolution:2048]]
[2022.03.07-09.50.27:212][  0]LogConfig: Setting CVar [[r.Shadow.MaxCSMResolution:2048]]
[2022.03.07-09.50.27:212][  0]LogConfig: Setting CVar [[r.Shadow.RadiusThreshold:0.01]]
[2022.03.07-09.50.27:212][  0]LogConfig: Setting CVar [[r.Shadow.DistanceScale:1.0]]
[2022.03.07-09.50.27:212][  0]LogConfig: Setting CVar [[r.Shadow.CSM.TransitionScale:1.0]]
[2022.03.07-09.50.27:212][  0]LogConfig: Setting CVar [[r.Shadow.PreShadowResolutionFactor:1.0]]
[2022.03.07-09.50.27:212][  0]LogConfig: Setting CVar [[r.DistanceFieldShadowing:1]]
[2022.03.07-09.50.27:212][  0]LogConfig: Setting CVar [[r.DistanceFieldAO:1]]
[2022.03.07-09.50.27:212][  0]LogConfig: Setting CVar [[r.AOQuality:2]]
[2022.03.07-09.50.27:212][  0]LogConfig: Setting CVar [[r.VolumetricFog:1]]
[2022.03.07-09.50.27:212][  0]LogConfig: Setting CVar [[r.VolumetricFog.GridPixelSize:8]]
[2022.03.07-09.50.27:212][  0]LogConfig: Setting CVar [[r.VolumetricFog.GridSizeZ:128]]
[2022.03.07-09.50.27:212][  0]LogConfig: Setting CVar [[r.VolumetricFog.HistoryMissSupersampleCount:4]]
[2022.03.07-09.50.27:212][  0]LogConfig: Setting CVar [[r.LightMaxDrawDistanceScale:1]]
[2022.03.07-09.50.27:212][  0]LogConfig: Setting CVar [[r.CapsuleShadows:1]]
[2022.03.07-09.50.27:212][  0]LogConfig: Applying CVar settings from Section [PostProcessQuality@3] File [C:/Users/KOCCA30/Desktop/Education/-/MyProject_3_7/Saved/Config/Windows/Scalability.ini]
[2022.03.07-09.50.27:212][  0]LogConfig: Setting CVar [[r.MotionBlurQuality:4]]
[2022.03.07-09.50.27:212][  0]LogConfig: Setting CVar [[r.AmbientOcclusionMipLevelFactor:0.4]]
[2022.03.07-09.50.27:212][  0]LogConfig: Setting CVar [[r.AmbientOcclusionMaxQuality:100]]
[2022.03.07-09.50.27:212][  0]LogConfig: Setting CVar [[r.AmbientOcclusionLevels:-1]]
[2022.03.07-09.50.27:212][  0]LogConfig: Setting CVar [[r.AmbientOcclusionRadiusScale:1.0]]
[2022.03.07-09.50.27:212][  0]LogConfig: Setting CVar [[r.DepthOfFieldQuality:2]]
[2022.03.07-09.50.27:212][  0]LogConfig: Setting CVar [[r.RenderTargetPoolMin:400]]
[2022.03.07-09.50.27:212][  0]LogConfig: Setting CVar [[r.LensFlareQuality:2]]
[2022.03.07-09.50.27:212][  0]LogConfig: Setting CVar [[r.SceneColorFringeQuality:1]]
[2022.03.07-09.50.27:213][  0]LogConfig: Setting CVar [[r.EyeAdaptationQuality:2]]
[2022.03.07-09.50.27:213][  0]LogConfig: Setting CVar [[r.BloomQuality:5]]
[2022.03.07-09.50.27:213][  0]LogConfig: Setting CVar [[r.FastBlurThreshold:100]]
[2022.03.07-09.50.27:213][  0]LogConfig: Setting CVar [[r.Upscale.Quality:3]]
[2022.03.07-09.50.27:213][  0]LogConfig: Setting CVar [[r.Tonemapper.GrainQuantization:1]]
[2022.03.07-09.50.27:213][  0]LogConfig: Setting CVar [[r.LightShaftQuality:1]]
[2022.03.07-09.50.27:213][  0]LogConfig: Setting CVar [[r.Filter.SizeScale:1]]
[2022.03.07-09.50.27:213][  0]LogConfig: Setting CVar [[r.Tonemapper.Quality:5]]
[2022.03.07-09.50.27:213][  0]LogConfig: Setting CVar [[r.DOF.Gather.AccumulatorQuality:1        ; higher gathering accumulator quality]]
[2022.03.07-09.50.27:213][  0]LogConfig: Setting CVar [[r.DOF.Gather.PostfilterMethod:1          ; Median3x3 postfilering method]]
[2022.03.07-09.50.27:213][  0]LogConfig: Setting CVar [[r.DOF.Gather.EnableBokehSettings:0       ; no bokeh simulation when gathering]]
[2022.03.07-09.50.27:213][  0]LogConfig: Setting CVar [[r.DOF.Gather.RingCount:4                 ; medium number of samples when gathering]]
[2022.03.07-09.50.27:213][  0]LogConfig: Setting CVar [[r.DOF.Scatter.ForegroundCompositing:1    ; additive foreground scattering]]
[2022.03.07-09.50.27:213][  0]LogConfig: Setting CVar [[r.DOF.Scatter.BackgroundCompositing:2    ; additive background scattering]]
[2022.03.07-09.50.27:213][  0]LogConfig: Setting CVar [[r.DOF.Scatter.EnableBokehSettings:1      ; bokeh simulation when scattering]]
[2022.03.07-09.50.27:213][  0]LogConfig: Setting CVar [[r.DOF.Scatter.MaxSpriteRatio:0.1         ; only a maximum of 10% of scattered bokeh]]
[2022.03.07-09.50.27:213][  0]LogConfig: Setting CVar [[r.DOF.Recombine.Quality:1                ; cheap slight out of focus]]
[2022.03.07-09.50.27:213][  0]LogConfig: Setting CVar [[r.DOF.Recombine.EnableBokehSettings:0    ; no bokeh simulation on slight out of focus]]
[2022.03.07-09.50.27:213][  0]LogConfig: Setting CVar [[r.DOF.TemporalAAQuality:1                ; more stable temporal accumulation]]
[2022.03.07-09.50.27:213][  0]LogConfig: Setting CVar [[r.DOF.Kernel.MaxForegroundRadius:0.025]]
[2022.03.07-09.50.27:213][  0]LogConfig: Setting CVar [[r.DOF.Kernel.MaxBackgroundRadius:0.025]]
[2022.03.07-09.50.27:213][  0]LogConfig: Applying CVar settings from Section [TextureQuality@3] File [C:/Users/KOCCA30/Desktop/Education/-/MyProject_3_7/Saved/Config/Windows/Scalability.ini]
[2022.03.07-09.50.27:213][  0]LogConfig: Setting CVar [[r.Streaming.MipBias:0]]
[2022.03.07-09.50.27:213][  0]LogConfig: Setting CVar [[r.Streaming.AmortizeCPUToGPUCopy:0]]
[2022.03.07-09.50.27:213][  0]LogConfig: Setting CVar [[r.Streaming.MaxNumTexturesToStreamPerFrame:0]]
[2022.03.07-09.50.27:213][  0]LogConfig: Setting CVar [[r.Streaming.Boost:1]]
[2022.03.07-09.50.27:213][  0]LogConfig: Setting CVar [[r.MaxAnisotropy:8]]
[2022.03.07-09.50.27:213][  0]LogConfig: Setting CVar [[r.VT.MaxAnisotropy:8]]
[2022.03.07-09.50.27:214][  0]LogConfig: Setting CVar [[r.Streaming.LimitPoolSizeToVRAM:0]]
[2022.03.07-09.50.27:214][  0]LogConfig: Setting CVar [[r.Streaming.PoolSize:1000]]
[2022.03.07-09.50.27:214][  0]LogConfig: Setting CVar [[r.Streaming.MaxEffectiveScreenSize:0]]
[2022.03.07-09.50.27:214][  0]LogConfig: Applying CVar settings from Section [EffectsQuality@3] File [C:/Users/KOCCA30/Desktop/Education/-/MyProject_3_7/Saved/Config/Windows/Scalability.ini]
[2022.03.07-09.50.27:214][  0]LogConfig: Setting CVar [[r.TranslucencyLightingVolumeDim:64]]
[2022.03.07-09.50.27:214][  0]LogConfig: Setting CVar [[r.RefractionQuality:2]]
[2022.03.07-09.50.27:214][  0]LogConfig: Setting CVar [[r.SSR.Quality:3]]
[2022.03.07-09.50.27:214][  0]LogConfig: Setting CVar [[r.SSR.HalfResSceneColor:0]]
[2022.03.07-09.50.27:214][  0]LogConfig: Setting CVar [[r.SceneColorFormat:4]]
[2022.03.07-09.50.27:214][  0]LogConfig: Setting CVar [[r.DetailMode:2]]
[2022.03.07-09.50.27:214][  0]LogConfig: Setting CVar [[r.TranslucencyVolumeBlur:1]]
[2022.03.07-09.50.27:214][  0]LogConfig: Setting CVar [[r.MaterialQualityLevel:1 ; High quality]]
[2022.03.07-09.50.27:214][  0]LogConfig: Setting CVar [[r.AnisotropicMaterials:1]]
[2022.03.07-09.50.27:214][  0]LogConfig: Setting CVar [[r.SSS.Scale:1]]
[2022.03.07-09.50.27:214][  0]LogConfig: Setting CVar [[r.SSS.SampleSet:2]]
[2022.03.07-09.50.27:214][  0]LogConfig: Setting CVar [[r.SSS.Quality:1]]
[2022.03.07-09.50.27:214][  0]LogConfig: Setting CVar [[r.SSS.HalfRes:0]]
[2022.03.07-09.50.27:214][  0]LogConfig: Setting CVar [[r.SSGI.Quality:3]]
[2022.03.07-09.50.27:214][  0]LogConfig: Setting CVar [[r.EmitterSpawnRateScale:1.0]]
[2022.03.07-09.50.27:214][  0]LogConfig: Setting CVar [[r.ParticleLightQuality:2]]
[2022.03.07-09.50.27:214][  0]LogConfig: Setting CVar [[r.SkyAtmosphere.AerialPerspectiveLUT.FastApplyOnOpaque:1 ; Always have FastSkyLUT 1 in this case to avoid wrong sky]]
[2022.03.07-09.50.27:214][  0]LogConfig: Setting CVar [[r.SkyAtmosphere.AerialPerspectiveLUT.SampleCountMaxPerSlice:4]]
[2022.03.07-09.50.27:214][  0]LogConfig: Setting CVar [[r.SkyAtmosphere.AerialPerspectiveLUT.DepthResolution:16.0]]
[2022.03.07-09.50.27:214][  0]LogConfig: Setting CVar [[r.SkyAtmosphere.FastSkyLUT:1]]
[2022.03.07-09.50.27:214][  0]LogConfig: Setting CVar [[r.SkyAtmosphere.FastSkyLUT.SampleCountMin:4.0]]
[2022.03.07-09.50.27:214][  0]LogConfig: Setting CVar [[r.SkyAtmosphere.FastSkyLUT.SampleCountMax:128.0]]
[2022.03.07-09.50.27:214][  0]LogConfig: Setting CVar [[r.SkyAtmosphere.SampleCountMin:4.0]]
[2022.03.07-09.50.27:214][  0]LogConfig: Setting CVar [[r.SkyAtmosphere.SampleCountMax:128.0]]
[2022.03.07-09.50.27:214][  0]LogConfig: Setting CVar [[r.SkyAtmosphere.TransmittanceLUT.UseSmallFormat:0]]
[2022.03.07-09.50.27:215][  0]LogConfig: Setting CVar [[r.SkyAtmosphere.TransmittanceLUT.SampleCount:10.0]]
[2022.03.07-09.50.27:215][  0]LogConfig: Setting CVar [[r.SkyAtmosphere.MultiScatteringLUT.SampleCount:15.0]]
[2022.03.07-09.50.27:215][  0]LogConfig: Setting CVar [[r.SkyLight.RealTimeReflectionCapture:1]]
[2022.03.07-09.50.27:215][  0]LogConfig: Applying CVar settings from Section [FoliageQuality@3] File [C:/Users/KOCCA30/Desktop/Education/-/MyProject_3_7/Saved/Config/Windows/Scalability.ini]
[2022.03.07-09.50.27:215][  0]LogConfig: Setting CVar [[foliage.DensityScale:1.0]]
[2022.03.07-09.50.27:215][  0]LogConfig: Setting CVar [[grass.DensityScale:1.0]]
[2022.03.07-09.50.27:215][  0]LogConfig: Applying CVar settings from Section [ShadingQuality@3] File [C:/Users/KOCCA30/Desktop/Education/-/MyProject_3_7/Saved/Config/Windows/Scalability.ini]
[2022.03.07-09.50.27:215][  0]LogConfig: Setting CVar [[r.HairStrands.SkyLighting.IntegrationType:2]]
[2022.03.07-09.50.27:215][  0]LogConfig: Setting CVar [[r.HairStrands.SkyAO.SampleCount:4]]
[2022.03.07-09.50.27:215][  0]LogConfig: Setting CVar [[r.HairStrands.Visibility.MSAA.SamplePerPixel:4]]
[2022.03.07-09.50.27:215][  0]LogInit: Selected Device Profile: [Windows]
[2022.03.07-09.50.27:215][  0]LogInit: Applying CVar settings loaded from the selected device profile: [Windows]
[2022.03.07-09.50.27:215][  0]LogHAL: Display: Platform has ~ 64 GB [68500553728 / 68719476736 / 64], which maps to Largest [LargestMinGB=32, LargerMinGB=12, DefaultMinGB=8, SmallerMinGB=6, SmallestMinGB=0)
[2022.03.07-09.50.27:215][  0]LogInit: Going up to parent DeviceProfile []
[2022.03.07-09.50.27:215][  0]LogConfig: Applying CVar settings from Section [ViewDistanceQuality@3] File [C:/Users/KOCCA30/Desktop/Education/-/MyProject_3_7/Saved/Config/Windows/Scalability.ini]
[2022.03.07-09.50.27:215][  0]LogConfig: Setting CVar [[r.SkeletalMeshLODBias:0]]
[2022.03.07-09.50.27:215][  0]LogConfig: Setting CVar [[r.ViewDistanceScale:1.0]]
[2022.03.07-09.50.27:215][  0]LogConfig: Applying CVar settings from Section [AntiAliasingQuality@3] File [C:/Users/KOCCA30/Desktop/Education/-/MyProject_3_7/Saved/Config/Windows/Scalability.ini]
[2022.03.07-09.50.27:215][  0]LogConfig: Setting CVar [[r.PostProcessAAQuality:4]]
[2022.03.07-09.50.27:215][  0]LogConfig: Applying CVar settings from Section [ShadowQuality@3] File [C:/Users/KOCCA30/Desktop/Education/-/MyProject_3_7/Saved/Config/Windows/Scalability.ini]
[2022.03.07-09.50.27:216][  0]LogConfig: Setting CVar [[r.LightFunctionQuality:1]]
[2022.03.07-09.50.27:216][  0]LogConfig: Setting CVar [[r.ShadowQuality:5]]
[2022.03.07-09.50.27:216][  0]LogConfig: Setting CVar [[r.Shadow.CSM.MaxCascades:10]]
[2022.03.07-09.50.27:216][  0]LogConfig: Setting CVar [[r.Shadow.MaxResolution:2048]]
[2022.03.07-09.50.27:216][  0]LogConfig: Setting CVar [[r.Shadow.MaxCSMResolution:2048]]
[2022.03.07-09.50.27:216][  0]LogConfig: Setting CVar [[r.Shadow.RadiusThreshold:0.01]]
[2022.03.07-09.50.27:216][  0]LogConfig: Setting CVar [[r.Shadow.DistanceScale:1.0]]
[2022.03.07-09.50.27:216][  0]LogConfig: Setting CVar [[r.Shadow.CSM.TransitionScale:1.0]]
[2022.03.07-09.50.27:216][  0]LogConfig: Setting CVar [[r.Shadow.PreShadowResolutionFactor:1.0]]
[2022.03.07-09.50.27:216][  0]LogConfig: Setting CVar [[r.DistanceFieldShadowing:1]]
[2022.03.07-09.50.27:216][  0]LogConfig: Setting CVar [[r.DistanceFieldAO:1]]
[2022.03.07-09.50.27:216][  0]LogConfig: Setting CVar [[r.AOQuality:2]]
[2022.03.07-09.50.27:216][  0]LogConfig: Setting CVar [[r.VolumetricFog:1]]
[2022.03.07-09.50.27:216][  0]LogConfig: Setting CVar [[r.VolumetricFog.GridPixelSize:8]]
[2022.03.07-09.50.27:216][  0]LogConfig: Setting CVar [[r.VolumetricFog.GridSizeZ:128]]
[2022.03.07-09.50.27:216][  0]LogConfig: Setting CVar [[r.VolumetricFog.HistoryMissSupersampleCount:4]]
[2022.03.07-09.50.27:216][  0]LogConfig: Setting CVar [[r.LightMaxDrawDistanceScale:1]]
[2022.03.07-09.50.27:216][  0]LogConfig: Setting CVar [[r.CapsuleShadows:1]]
[2022.03.07-09.50.27:216][  0]LogConfig: Applying CVar settings from Section [PostProcessQuality@3] File [C:/Users/KOCCA30/Desktop/Education/-/MyProject_3_7/Saved/Config/Windows/Scalability.ini]
[2022.03.07-09.50.27:216][  0]LogConfig: Setting CVar [[r.MotionBlurQuality:4]]
[2022.03.07-09.50.27:216][  0]LogConfig: Setting CVar [[r.AmbientOcclusionMipLevelFactor:0.4]]
[2022.03.07-09.50.27:216][  0]LogConfig: Setting CVar [[r.AmbientOcclusionMaxQuality:100]]
[2022.03.07-09.50.27:216][  0]LogConfig: Setting CVar [[r.AmbientOcclusionLevels:-1]]
[2022.03.07-09.50.27:216][  0]LogConfig: Setting CVar [[r.AmbientOcclusionRadiusScale:1.0]]
[2022.03.07-09.50.27:216][  0]LogConfig: Setting CVar [[r.DepthOfFieldQuality:2]]
[2022.03.07-09.50.27:216][  0]LogConfig: Setting CVar [[r.RenderTargetPoolMin:400]]
[2022.03.07-09.50.27:216][  0]LogConfig: Setting CVar [[r.LensFlareQuality:2]]
[2022.03.07-09.50.27:216][  0]LogConfig: Setting CVar [[r.SceneColorFringeQuality:1]]
[2022.03.07-09.50.27:217][  0]LogConfig: Setting CVar [[r.EyeAdaptationQuality:2]]
[2022.03.07-09.50.27:217][  0]LogConfig: Setting CVar [[r.BloomQuality:5]]
[2022.03.07-09.50.27:217][  0]LogConfig: Setting CVar [[r.FastBlurThreshold:100]]
[2022.03.07-09.50.27:217][  0]LogConfig: Setting CVar [[r.Upscale.Quality:3]]
[2022.03.07-09.50.27:217][  0]LogConfig: Setting CVar [[r.Tonemapper.GrainQuantization:1]]
[2022.03.07-09.50.27:217][  0]LogConfig: Setting CVar [[r.LightShaftQuality:1]]
[2022.03.07-09.50.27:217][  0]LogConfig: Setting CVar [[r.Filter.SizeScale:1]]
[2022.03.07-09.50.27:217][  0]LogConfig: Setting CVar [[r.Tonemapper.Quality:5]]
[2022.03.07-09.50.27:217][  0]LogConfig: Setting CVar [[r.DOF.Gather.AccumulatorQuality:1        ; higher gathering accumulator quality]]
[2022.03.07-09.50.27:217][  0]LogConfig: Setting CVar [[r.DOF.Gather.PostfilterMethod:1          ; Median3x3 postfilering method]]
[2022.03.07-09.50.27:217][  0]LogConfig: Setting CVar [[r.DOF.Gather.EnableBokehSettings:0       ; no bokeh simulation when gathering]]
[2022.03.07-09.50.27:217][  0]LogConfig: Setting CVar [[r.DOF.Gather.RingCount:4                 ; medium number of samples when gathering]]
[2022.03.07-09.50.27:217][  0]LogConfig: Setting CVar [[r.DOF.Scatter.ForegroundCompositing:1    ; additive foreground scattering]]
[2022.03.07-09.50.27:217][  0]LogConfig: Setting CVar [[r.DOF.Scatter.BackgroundCompositing:2    ; additive background scattering]]
[2022.03.07-09.50.27:217][  0]LogConfig: Setting CVar [[r.DOF.Scatter.EnableBokehSettings:1      ; bokeh simulation when scattering]]
[2022.03.07-09.50.27:217][  0]LogConfig: Setting CVar [[r.DOF.Scatter.MaxSpriteRatio:0.1         ; only a maximum of 10% of scattered bokeh]]
[2022.03.07-09.50.27:217][  0]LogConfig: Setting CVar [[r.DOF.Recombine.Quality:1                ; cheap slight out of focus]]
[2022.03.07-09.50.27:217][  0]LogConfig: Setting CVar [[r.DOF.Recombine.EnableBokehSettings:0    ; no bokeh simulation on slight out of focus]]
[2022.03.07-09.50.27:217][  0]LogConfig: Setting CVar [[r.DOF.TemporalAAQuality:1                ; more stable temporal accumulation]]
[2022.03.07-09.50.27:217][  0]LogConfig: Setting CVar [[r.DOF.Kernel.MaxForegroundRadius:0.025]]
[2022.03.07-09.50.27:217][  0]LogConfig: Setting CVar [[r.DOF.Kernel.MaxBackgroundRadius:0.025]]
[2022.03.07-09.50.27:218][  0]LogConfig: Applying CVar settings from Section [TextureQuality@3] File [C:/Users/KOCCA30/Desktop/Education/-/MyProject_3_7/Saved/Config/Windows/Scalability.ini]
[2022.03.07-09.50.27:218][  0]LogConfig: Setting CVar [[r.Streaming.MipBias:0]]
[2022.03.07-09.50.27:218][  0]LogConfig: Setting CVar [[r.Streaming.AmortizeCPUToGPUCopy:0]]
[2022.03.07-09.50.27:218][  0]LogConfig: Setting CVar [[r.Streaming.MaxNumTexturesToStreamPerFrame:0]]
[2022.03.07-09.50.27:218][  0]LogConfig: Setting CVar [[r.Streaming.Boost:1]]
[2022.03.07-09.50.27:218][  0]LogConfig: Setting CVar [[r.MaxAnisotropy:8]]
[2022.03.07-09.50.27:218][  0]LogConfig: Setting CVar [[r.VT.MaxAnisotropy:8]]
[2022.03.07-09.50.27:218][  0]LogConfig: Setting CVar [[r.Streaming.LimitPoolSizeToVRAM:0]]
[2022.03.07-09.50.27:218][  0]LogConfig: Setting CVar [[r.Streaming.PoolSize:1000]]
[2022.03.07-09.50.27:218][  0]LogConfig: Setting CVar [[r.Streaming.MaxEffectiveScreenSize:0]]
[2022.03.07-09.50.27:218][  0]LogConfig: Applying CVar settings from Section [EffectsQuality@3] File [C:/Users/KOCCA30/Desktop/Education/-/MyProject_3_7/Saved/Config/Windows/Scalability.ini]
[2022.03.07-09.50.27:218][  0]LogConfig: Setting CVar [[r.TranslucencyLightingVolumeDim:64]]
[2022.03.07-09.50.27:218][  0]LogConfig: Setting CVar [[r.RefractionQuality:2]]
[2022.03.07-09.50.27:218][  0]LogConfig: Setting CVar [[r.SSR.Quality:3]]
[2022.03.07-09.50.27:218][  0]LogConfig: Setting CVar [[r.SSR.HalfResSceneColor:0]]
[2022.03.07-09.50.27:218][  0]LogConfig: Setting CVar [[r.SceneColorFormat:4]]
[2022.03.07-09.50.27:218][  0]LogConfig: Setting CVar [[r.DetailMode:2]]
[2022.03.07-09.50.27:218][  0]LogConfig: Setting CVar [[r.TranslucencyVolumeBlur:1]]
[2022.03.07-09.50.27:218][  0]LogConfig: Setting CVar [[r.MaterialQualityLevel:1 ; High quality]]
[2022.03.07-09.50.27:218][  0]LogConfig: Setting CVar [[r.AnisotropicMaterials:1]]
[2022.03.07-09.50.27:218][  0]LogConfig: Setting CVar [[r.SSS.Scale:1]]
[2022.03.07-09.50.27:218][  0]LogConfig: Setting CVar [[r.SSS.SampleSet:2]]
[2022.03.07-09.50.27:218][  0]LogConfig: Setting CVar [[r.SSS.Quality:1]]
[2022.03.07-09.50.27:218][  0]LogConfig: Setting CVar [[r.SSS.HalfRes:0]]
[2022.03.07-09.50.27:218][  0]LogConfig: Setting CVar [[r.SSGI.Quality:3]]
[2022.03.07-09.50.27:218][  0]LogConfig: Setting CVar [[r.EmitterSpawnRateScale:1.0]]
[2022.03.07-09.50.27:218][  0]LogConfig: Setting CVar [[r.ParticleLightQuality:2]]
[2022.03.07-09.50.27:219][  0]LogConfig: Setting CVar [[r.SkyAtmosphere.AerialPerspectiveLUT.FastApplyOnOpaque:1 ; Always have FastSkyLUT 1 in this case to avoid wrong sky]]
[2022.03.07-09.50.27:219][  0]LogConfig: Setting CVar [[r.SkyAtmosphere.AerialPerspectiveLUT.SampleCountMaxPerSlice:4]]
[2022.03.07-09.50.27:219][  0]LogConfig: Setting CVar [[r.SkyAtmosphere.AerialPerspectiveLUT.DepthResolution:16.0]]
[2022.03.07-09.50.27:219][  0]LogConfig: Setting CVar [[r.SkyAtmosphere.FastSkyLUT:1]]
[2022.03.07-09.50.27:219][  0]LogConfig: Setting CVar [[r.SkyAtmosphere.FastSkyLUT.SampleCountMin:4.0]]
[2022.03.07-09.50.27:219][  0]LogConfig: Setting CVar [[r.SkyAtmosphere.FastSkyLUT.SampleCountMax:128.0]]
[2022.03.07-09.50.27:219][  0]LogConfig: Setting CVar [[r.SkyAtmosphere.SampleCountMin:4.0]]
[2022.03.07-09.50.27:219][  0]LogConfig: Setting CVar [[r.SkyAtmosphere.SampleCountMax:128.0]]
[2022.03.07-09.50.27:219][  0]LogConfig: Setting CVar [[r.SkyAtmosphere.TransmittanceLUT.UseSmallFormat:0]]
[2022.03.07-09.50.27:219][  0]LogConfig: Setting CVar [[r.SkyAtmosphere.TransmittanceLUT.SampleCount:10.0]]
[2022.03.07-09.50.27:219][  0]LogConfig: Setting CVar [[r.SkyAtmosphere.MultiScatteringLUT.SampleCount:15.0]]
[2022.03.07-09.50.27:219][  0]LogConfig: Setting CVar [[r.SkyLight.RealTimeReflectionCapture:1]]
[2022.03.07-09.50.27:219][  0]LogConfig: Applying CVar settings from Section [FoliageQuality@3] File [C:/Users/KOCCA30/Desktop/Education/-/MyProject_3_7/Saved/Config/Windows/Scalability.ini]
[2022.03.07-09.50.27:219][  0]LogConfig: Setting CVar [[foliage.DensityScale:1.0]]
[2022.03.07-09.50.27:219][  0]LogConfig: Setting CVar [[grass.DensityScale:1.0]]
[2022.03.07-09.50.27:219][  0]LogConfig: Applying CVar settings from Section [ShadingQuality@3] File [C:/Users/KOCCA30/Desktop/Education/-/MyProject_3_7/Saved/Config/Windows/Scalability.ini]
[2022.03.07-09.50.27:219][  0]LogConfig: Setting CVar [[r.HairStrands.SkyLighting.IntegrationType:2]]
[2022.03.07-09.50.27:219][  0]LogConfig: Setting CVar [[r.HairStrands.SkyAO.SampleCount:4]]
[2022.03.07-09.50.27:219][  0]LogConfig: Setting CVar [[r.HairStrands.Visibility.MSAA.SamplePerPixel:4]]
[2022.03.07-09.50.27:219][  0]LogConfig: Applying CVar settings from Section [Startup] File [../../../Engine/Config/ConsoleVariables.ini]
[2022.03.07-09.50.27:220][  0]LogConfig: Setting CVar [[net.UseAdaptiveNetUpdateFrequency:0]]
[2022.03.07-09.50.27:220][  0]LogConfig: Setting CVar [[p.chaos.AllowCreatePhysxBodies:1]]
[2022.03.07-09.50.27:220][  0]LogConfig: Setting CVar [[fx.SkipVectorVMBackendOptimizations:1]]
[2022.03.07-09.50.27:221][  0]LogConfig: Applying CVar settings from Section [ConsoleVariables] File [C:/Users/KOCCA30/Desktop/Education/-/MyProject_3_7/Saved/Config/Windows/Engine.ini]
[2022.03.07-09.50.27:221][  0]LogConfig: Applying CVar settings from Section [ConsoleVariables] File [C:/Users/KOCCA30/Desktop/Education/-/MyProject_3_7/Saved/Config/Windows/Editor.ini]
[2022.03.07-09.50.27:221][  0]LogInit: Computer: DESKTOP-GOJEONG
[2022.03.07-09.50.27:221][  0]LogInit: User: KOCCA30
[2022.03.07-09.50.27:221][  0]LogInit: CPU Page size=4096, Cores=10
[2022.03.07-09.50.27:221][  0]LogInit: High frequency timer resolution =10.000000 MHz
[2022.03.07-09.50.27:221][  0]LogMemory: Memory total: Physical=63.8GB (64GB approx)
[2022.03.07-09.50.27:221][  0]LogMemory: Platform Memory Stats for Windows
[2022.03.07-09.50.27:221][  0]LogMemory: Process Physical Memory: 151.32 MB used, 151.32 MB peak
[2022.03.07-09.50.27:221][  0]LogMemory: Process Virtual Memory: 124.82 MB used, 124.82 MB peak
[2022.03.07-09.50.27:221][  0]LogMemory: Physical Memory: 9589.57 MB used,  55737.65 MB free, 65327.22 MB total
[2022.03.07-09.50.27:221][  0]LogMemory: Virtual Memory: 134155424.00 MB used,  62307.26 MB free, 134217728.00 MB total
[2022.03.07-09.50.27:254][  0]LogWindows: WindowsPlatformFeatures enabled
[2022.03.07-09.50.27:372][  0]LogInit: Physics initialised using underlying interface: PhysX
[2022.03.07-09.50.27:375][  0]LogInit: Using OS detected language (ko-KR).
[2022.03.07-09.50.27:375][  0]LogInit: Using OS detected locale (en-US).
[2022.03.07-09.50.27:388][  0]LogTextLocalizationManager: No specific localization for 'ko-KR' exists, so the 'ko' localization will be used.
[2022.03.07-09.50.27:534][  0]LogInit: Setting process to per monitor DPI aware
[2022.03.07-09.50.27:629][  0]LogWindowsTextInputMethodSystem: Display: IME system deactivated.
[2022.03.07-09.50.27:655][  0]LogSlate: New Slate User Created.  User Index 0, Is Virtual User: 0
[2022.03.07-09.50.27:655][  0]LogSlate: Slate User Registered.  User Index 0, Is Virtual User: 0
[2022.03.07-09.50.27:907][  0]LogD3D11RHI: Loaded GFSDK_Aftermath_Lib.x64.dll
[2022.03.07-09.50.27:922][  0]LogHMD: Failed to initialize OpenVR with code 110
[2022.03.07-09.50.27:922][  0]LogD3D11RHI: D3D11 min allowed feature level: 11_0
[2022.03.07-09.50.27:922][  0]LogD3D11RHI: D3D11 max allowed feature level: 11_0
[2022.03.07-09.50.27:922][  0]LogD3D11RHI: D3D11 adapters:
[2022.03.07-09.50.28:082][  0]LogD3D11RHI:    0. 'NVIDIA GeForce RTX 2080 Ti' (Feature Level 11_0)
[2022.03.07-09.50.28:082][  0]LogD3D11RHI:       11048/0/32663 MB DedicatedVideo/DedicatedSystem/SharedSystem, Outputs:2, VendorId:0x10de
[2022.03.07-09.50.28:086][  0]LogD3D11RHI:    1. 'Microsoft Basic Render Driver' (Feature Level 11_0)
[2022.03.07-09.50.28:086][  0]LogD3D11RHI:       0/0/32663 MB DedicatedVideo/DedicatedSystem/SharedSystem, Outputs:0, VendorId:0x1414
[2022.03.07-09.50.28:086][  0]LogD3D11RHI: Chosen D3D11 Adapter:
[2022.03.07-09.50.28:086][  0]LogD3D11RHI:     Description : NVIDIA GeForce RTX 2080 Ti
[2022.03.07-09.50.28:086][  0]LogD3D11RHI:     VendorId    : 10de
[2022.03.07-09.50.28:086][  0]LogD3D11RHI:     DeviceId    : 1e04
[2022.03.07-09.50.28:086][  0]LogD3D11RHI:     SubSysId    : 8550103c
[2022.03.07-09.50.28:086][  0]LogD3D11RHI:     Revision    : 00a1
[2022.03.07-09.50.28:086][  0]LogD3D11RHI:     DedicatedVideoMemory : 11584667648 bytes
[2022.03.07-09.50.28:086][  0]LogD3D11RHI:     DedicatedSystemMemory : 0 bytes
[2022.03.07-09.50.28:087][  0]LogD3D11RHI:     SharedSystemMemory : 34250276864 bytes
[2022.03.07-09.50.28:087][  0]LogD3D11RHI:     AdapterLuid : 0 87962
[2022.03.07-09.50.28:095][  0]LogD3D11RHI: Creating new Direct3DDevice
[2022.03.07-09.50.28:095][  0]LogD3D11RHI:     GPU DeviceId: 0x1e04 (for the marketing name, search the web for "GPU Device Id")
[2022.03.07-09.50.28:095][  0]LogWindows: EnumDisplayDevices:
[2022.03.07-09.50.28:095][  0]LogWindows:    0. 'NVIDIA GeForce RTX 2080 Ti' (P:1 D:1)
[2022.03.07-09.50.28:096][  0]LogWindows:    1. 'NVIDIA GeForce RTX 2080 Ti' (P:0 D:1)
[2022.03.07-09.50.28:098][  0]LogWindows:    2. 'NVIDIA GeForce RTX 2080 Ti' (P:0 D:0)
[2022.03.07-09.50.28:099][  0]LogWindows:    3. 'NVIDIA GeForce RTX 2080 Ti' (P:0 D:0)
[2022.03.07-09.50.28:100][  0]LogWindows: DebugString: FoundDriverCount:4 
[2022.03.07-09.50.28:100][  0]LogD3D11RHI:     Adapter Name: NVIDIA GeForce RTX 2080 Ti
[2022.03.07-09.50.28:100][  0]LogD3D11RHI:   Driver Version: 472.08 (internal:30.0.14.7208, unified:472.08)
[2022.03.07-09.50.28:100][  0]LogD3D11RHI:      Driver Date: 9-13-2021
[2022.03.07-09.50.28:100][  0]LogRHI: Texture pool is 7733 MB (70% of 11048 MB)
[2022.03.07-09.50.28:100][  0]LogD3D11RHI: Creating D3DDevice using adapter:
[2022.03.07-09.50.28:100][  0]LogD3D11RHI:     Description : NVIDIA GeForce RTX 2080 Ti
[2022.03.07-09.50.28:100][  0]LogD3D11RHI:     VendorId    : 10de
[2022.03.07-09.50.28:100][  0]LogD3D11RHI:     DeviceId    : 1e04
[2022.03.07-09.50.28:100][  0]LogD3D11RHI:     SubSysId    : 8550103c
[2022.03.07-09.50.28:100][  0]LogD3D11RHI:     Revision    : 00a1
[2022.03.07-09.50.28:100][  0]LogD3D11RHI:     DedicatedVideoMemory : 11584667648 bytes
[2022.03.07-09.50.28:100][  0]LogD3D11RHI:     DedicatedSystemMemory : 0 bytes
[2022.03.07-09.50.28:100][  0]LogD3D11RHI:     SharedSystemMemory : 34250276864 bytes
[2022.03.07-09.50.28:100][  0]LogD3D11RHI:     AdapterLuid : 0 87962
[2022.03.07-09.50.28:206][  0]LogD3D11RHI: RHI has support for 64 bit atomics
[2022.03.07-09.50.28:206][  0]LogD3D11RHI: Async texture creation enabled
[2022.03.07-09.50.28:206][  0]LogD3D11RHI: Array index from any shader is supported
[2022.03.07-09.50.28:242][  0]LogD3D11RHI: GPU Timing Frequency: 1000.000000 (Debug: 2 1)
[2022.03.07-09.50.28:398][  0]LogRHI: GeForceNow SDK initialized: 1
[2022.03.07-09.50.28:967][  0]LogTargetPlatformManager: Display: Loaded TargetPlatform 'AllDesktop'
[2022.03.07-09.50.28:999][  0]LogTargetPlatformManager: Display: Loaded TargetPlatform 'Android'
[2022.03.07-09.50.28:999][  0]LogTargetPlatformManager: Display: Loaded TargetPlatform 'Android_ASTC'
[2022.03.07-09.50.28:999][  0]LogTargetPlatformManager: Display: Loaded TargetPlatform 'Android_DXT'
[2022.03.07-09.50.28:999][  0]LogTargetPlatformManager: Display: Loaded TargetPlatform 'Android_ETC2'
[2022.03.07-09.50.29:000][  0]LogTargetPlatformManager: Display: Loaded TargetPlatform 'AndroidClient'
[2022.03.07-09.50.29:000][  0]LogTargetPlatformManager: Display: Loaded TargetPlatform 'Android_ASTCClient'
[2022.03.07-09.50.29:000][  0]LogTargetPlatformManager: Display: Loaded TargetPlatform 'Android_DXTClient'
[2022.03.07-09.50.29:000][  0]LogTargetPlatformManager: Display: Loaded TargetPlatform 'Android_ETC2Client'
[2022.03.07-09.50.29:000][  0]LogTargetPlatformManager: Display: Loaded TargetPlatform 'Android_Multi'
[2022.03.07-09.50.29:000][  0]LogTargetPlatformManager: Display: Loaded TargetPlatform 'Android_MultiClient'
[2022.03.07-09.50.29:045][  0]LogTargetPlatformManager: Display: Loaded TargetPlatform 'IOSClient'
[2022.03.07-09.50.29:046][  0]LogTargetPlatformManager: Display: Loaded TargetPlatform 'IOS'
[2022.03.07-09.50.29:071][  0]LogTargetPlatformManager: Display: Loaded TargetPlatform 'Linux'
[2022.03.07-09.50.29:087][  0]LogTargetPlatformManager: Display: Loaded TargetPlatform 'LinuxNoEditor'
[2022.03.07-09.50.29:105][  0]LogTargetPlatformManager: Display: Loaded TargetPlatform 'LinuxClient'
[2022.03.07-09.50.29:126][  0]LogTargetPlatformManager: Display: Loaded TargetPlatform 'LinuxServer'
[2022.03.07-09.50.29:163][  0]LogTargetPlatformManager: Display: Loaded TargetPlatform 'LinuxAArch64NoEditor'
[2022.03.07-09.50.29:177][  0]LogTargetPlatformManager: Display: Loaded TargetPlatform 'LinuxAArch64Client'
[2022.03.07-09.50.29:197][  0]LogTargetPlatformManager: Display: Loaded TargetPlatform 'LinuxAArch64Server'
[2022.03.07-09.50.29:253][  0]LogTargetPlatformManager: Display: Loaded TargetPlatform 'Lumin'
[2022.03.07-09.50.29:253][  0]LogTargetPlatformManager: Display: Loaded TargetPlatform 'LuminClient'
[2022.03.07-09.50.29:266][  0]LogTargetPlatformManager: Display: Loaded TargetPlatform 'MacNoEditor'
[2022.03.07-09.50.29:278][  0]LogTargetPlatformManager: Display: Loaded TargetPlatform 'Mac'
[2022.03.07-09.50.29:292][  0]LogTargetPlatformManager: Display: Loaded TargetPlatform 'MacClient'
[2022.03.07-09.50.29:304][  0]LogTargetPlatformManager: Display: Loaded TargetPlatform 'MacServer'
[2022.03.07-09.50.29:323][  0]LogTargetPlatformManager: Display: Loaded TargetPlatform 'TVOSClient'
[2022.03.07-09.50.29:323][  0]LogTargetPlatformManager: Display: Loaded TargetPlatform 'TVOS'
[2022.03.07-09.50.29:339][  0]LogTargetPlatformManager: Display: Loaded TargetPlatform 'WindowsNoEditor'
[2022.03.07-09.50.29:349][  0]LogTargetPlatformManager: Display: Loaded TargetPlatform 'Windows'
[2022.03.07-09.50.29:361][  0]LogTargetPlatformManager: Display: Loaded TargetPlatform 'WindowsClient'
[2022.03.07-09.50.29:379][  0]LogTargetPlatformManager: Display: Loaded TargetPlatform 'WindowsServer'
[2022.03.07-09.50.29:379][  0]LogTargetPlatformManager: Display: Building Assets For Windows
[2022.03.07-09.50.29:421][  0]LogAudioDebug: Display: Lib vorbis DLL was dynamically loaded.
[2022.03.07-09.50.29:598][  0]LogTextureFormatOodle: Display: Oodle Texture 2.9.0 init RDO Off
[2022.03.07-09.50.29:760][  0]LogRendererCore: Ray tracing is disabled. Reason: r.RayTracing=0.
[2022.03.07-09.50.29:760][  0]LogShaderCompilers: Guid format shader working directory is -18 characters bigger than the processId version (../../../../../../Users/KOCCA30/Desktop/Education/-/MyProject_3_7/Intermediate/Shaders/WorkingDirectory/11292/).
[2022.03.07-09.50.29:761][  0]LogShaderCompilers: Cleaned the shader compiler working directory 'C:/Users/KOCCA30/AppData/Local/Temp/UnrealShaderWorkingDir/C7402BAB467AA3825D8C4CA1648BFFB6/'.
[2022.03.07-09.50.29:762][  0]LogXGEController: Cannot use XGE Controller as Incredibuild is not installed on this machine.
[2022.03.07-09.50.29:762][  0]LogShaderCompilers: Cannot use XGE Shader Compiler as Incredibuild is not installed on this machine.
[2022.03.07-09.50.29:762][  0]LogShaderCompilers: Display: Using Local Shader Compiler.
[2022.03.07-09.50.30:552][  0]LogDerivedDataCache: Display: Max Cache Size: 512 MB
[2022.03.07-09.50.30:615][  0]LogDerivedDataCache: Loaded boot cache 0.06s 94MB C:/Users/KOCCA30/AppData/Local/UnrealEngine/4.27/DerivedDataCache/Boot.ddc.
[2022.03.07-09.50.30:615][  0]LogDerivedDataCache: Display: Loaded Boot cache: C:/Users/KOCCA30/AppData/Local/UnrealEngine/4.27/DerivedDataCache/Boot.ddc
[2022.03.07-09.50.30:616][  0]LogDerivedDataCache: FDerivedDataBackendGraph:  Pak pak cache file ../../../../../../Users/KOCCA30/Desktop/Education/-/MyProject_3_7/DerivedDataCache/DDC.ddp not found, will not use a pak cache.
[2022.03.07-09.50.30:616][  0]LogDerivedDataCache: Unable to find inner node Pak for hierarchical cache Hierarchy.
[2022.03.07-09.50.30:616][  0]LogDerivedDataCache: FDerivedDataBackendGraph:  CompressedPak pak cache file ../../../../../../Users/KOCCA30/Desktop/Education/-/MyProject_3_7/DerivedDataCache/Compressed.ddp not found, will not use a pak cache.
[2022.03.07-09.50.30:616][  0]LogDerivedDataCache: Unable to find inner node CompressedPak for hierarchical cache Hierarchy.
[2022.03.07-09.50.30:631][  0]LogDerivedDataCache: Display: Pak cache opened for reading ../../../Engine/DerivedDataCache/Compressed.ddp.
[2022.03.07-09.50.30:631][  0]LogDerivedDataCache: FDerivedDataBackendGraph:  EnterprisePak pak cache file ../../../Enterprise/DerivedDataCache/Compressed.ddp not found, will not use a pak cache.
[2022.03.07-09.50.30:631][  0]LogDerivedDataCache: Unable to find inner node EnterprisePak for hierarchical cache Hierarchy.
[2022.03.07-09.50.30:643][  0]LogDerivedDataCache: Speed tests for C:/Users/KOCCA30/AppData/Local/UnrealEngine/Common/DerivedDataCache took 0.01 seconds
[2022.03.07-09.50.30:643][  0]LogDerivedDataCache: Display: Performance to C:/Users/KOCCA30/AppData/Local/UnrealEngine/Common/DerivedDataCache: Latency=0.04ms. RandomReadSpeed=512.00MBs, RandomWriteSpeed=107.39MBs. Assigned SpeedClass 'Local'
[2022.03.07-09.50.30:644][  0]LogDerivedDataCache: Using Local data cache path C:/Users/KOCCA30/AppData/Local/UnrealEngine/Common/DerivedDataCache: Writable
[2022.03.07-09.50.30:644][  0]LogDerivedDataCache: Shared data cache path not found in *engine.ini, will not use an Shared cache.
[2022.03.07-09.50.30:644][  0]LogDerivedDataCache: Unable to find inner node Shared for hierarchical cache Hierarchy.
[2022.03.07-09.50.30:687][  0]LogSlate: Using FreeType 2.10.0
[2022.03.07-09.50.30:688][  0]LogSlate: SlateFontServices - WITH_FREETYPE: 1, WITH_HARFBUZZ: 1
[2022.03.07-09.50.30:730][  0]LogAssetRegistry: FAssetRegistry took 0.0037 seconds to start up
[2022.03.07-09.50.30:982][  0]LogInit: Selected Device Profile: [Windows]
[2022.03.07-09.50.30:982][  0]LogInit: Active device profile: [00000222CE648700][00000222CA37F980 49] Windows
[2022.03.07-09.50.30:982][  0]LogInit: Profiles: [00000222CE648700][00000222CA37F980 49] Windows, [00000222CE603700][00000222CA327B00 49] WindowsNoEditor, [00000222CE64B300][00000222CA32A100 49] WindowsServer, [00000222CE600F00][00000222CA36A280 49] WindowsClient, [00000222CE64B500][00000222CA36E400 49] IOS, [00000222CE5B7F00][00000222CA372580 49] iPadAir, [00000222CE603B00][00000222CDFE8700 49] iPadAir2, [00000222CE580500][00000222CDFF0940 49] IPadPro, [00000222CE580600][00000222CA304980 49] iPadAir3, [00000222CE5B4100][00000222CF67AAC0 49] iPadAir4, [00000222CE582C00][00000222CCB44C40 49] iPadMini2, [00000222CE5B6500][00000222CCB48DC0 49] iPadMini3, [00000222CE583400][00000222CCB4CF40 49] iPadMini4, [00000222CE5B4F00][00000222CCB510C0 49] iPadMini5, [00000222CE56FE00][00000222CCB59380 49] iPhone6, [00000222CE56FF00][00000222CCB553C0 49] iPodTouch6, [00000222CE64B900][00000222CDFED680 49] iPhone7, [00000222CE64A100][00000222CF67F6C0 49] iPodTouch7, [00000222CE56C400][00000222CCB5D840 49] iPhone5S, [00000222CE583D00][00000222AB4A99C0 49] iPhone6Plus, [00000222CE64B400][00000222AB4ADB40 49] iPhone6S, [00000222CE582000][00000222CA5A6140 49] iPhone6SPlus, [00000222CE648900][00000222CE42C2C0 49] iPhone7Plus, [00000222CE580E00][00000222CCA06440 49] iPhoneSE, [00000222CE64B100][00000222CCA0A5C0 49] iPhone8, [00000222CE582400][00000222AB4B0740 49] iPhone8Plus, [00000222CE64BA00][00000222AB4B48C0 49] iPhoneX, [00000222CE583E00][00000222CCB40A00 49] iPhoneXS, [00000222CE649500][00000222CF5D0B40 49] iPhoneXSMax, [00000222CE582500][00000222CF5D4C80 49] iPhoneXR, [00000222CE64AA00][00000222CF5D8DC0 49] iPhone11, [00000222CE583A00][00000222CF5E0F40 49] iPhone11Pro, [00000222CE648F00][00000222CF5E50C0 49] iPhone11ProMax, [00000222CE582300][00000222CF5E9240 49] iPhoneSE2, [00000222CE649700][00000222CF5ED3C0 49] iPhone12Mini, [00000222CE580700][00000222CF5F1540 49] iPhone12, [00000222CE648300][00000222CF5F56C0 49] iPhone12Pro, [00000222CE583500][00000222CF5F9840 49] iPhone12ProMax, [00000222CE648B00][00000222CF5FD9C0 49] iPadPro105, [00000222CE581B00][00000222CF601B40 49] iPadPro129, [00000222CE648200][00000222CF604140 49] iPadPro97, [00000222CE582100][00000222CF6082C0 49] iPadPro2_129, [00000222CE648D00][00000222CF60C440 49] iPad5, [00000222CE583000][00000222CF6105C0 49] iPad6, [00000222CE64AC00][00000222CF614740 49] iPad7, [00000222CE582E00][00000222CF6188C0 49] iPad8, [00000222CE649900][00000222CF61CA40 49] iPadPro11, [00000222CE583F00][00000222CF5DCB80 49] iPadPro2_11, [00000222CE649600][00000222CF620CC0 49] iPadPro3_129, [00000222CE582700][00000222CF624E00 49] iPadPro4_129, [00000222CE64A600][00000222CF628F40 49] AppleTV, [00000222CE582B00][00000222CF6310C0 49] AppleTV4K, [00000222CE649B00][00000222CF635240 49] TVOS, [00000222CE580900][00000222CF6393C0 49] Mac, [00000222CE64A700][00000222CF63D540 49] MacClient, [00000222CE582F00][00000222CDD496C0 49] MacNoEditor, [00000222CE64BB00][00000222CDD4D840 49] MacServer, [00000222CE580400][00000222CDD519C0 49] Linux, [00000222CE64AE00][00000222CDD55B40 49] LinuxAArch64, [00000222CE581500][00000222CDD58140 49] LinuxNoEditor, [00000222CE64AB00][00000222CDD5C2C0 49] LinuxAArch64NoEditor, [00000222CE583600][00000222CDD60440 49] LinuxClient, [00000222CE64AD00][00000222CDD645C0 49] LinuxAArch64Client, [00000222CE580B00][00000222CDD68740 49] LinuxServer, [00000222CE648400][00000222CDD6C8C0 49] LinuxAArch64Server, [00000222CE583C00][00000222CDD70A40 49] Android, [00000222CE5B7A00][00000222CDD74BC0 49] Android_Low, [00000222CE56DB00][00000222CDD78D40 49] Android_Mid, [00000222CE5B7000][00000222CF62CE80 49] Android_High, [00000222CE56E300][00000222CDD7CFC0 49] Android_Default, [00000222CE5B6000][00000222CDD81100 49] Android_Adreno4xx, [00000222CE56C100][00000222CDD89280 49] Android_Adreno5xx_Low, [00000222CE5B4B00][00000222CDD8D400 49] Android_Adreno5xx, [00000222CE56D800][00000222CDD91580 49] Android_Adreno6xx, [00000222CE5B5100][00000222CDD95700 49] Android_Adreno6xx_Vulkan, [00000222CE56C800][00000222CDD99880 49] Android_Mali_T6xx, [00000222CE5B7600][00000222CDD9DA00 49] Android_Mali_T7xx, [00000222CE56CD00][00000222CDDA1B80 49] Android_Mali_T8xx, [00000222CE5B7C00][00000222CDDA4180 49] Android_Mali_G71, [00000222CE56D500][00000222CDDA8300 49] Android_Mali_G72, [00000222CE5B7E00][00000222CDDAC480 49] Android_Mali_G72_Vulkan, [00000222CE56FD00][00000222CDDB0600 49] Android_Mali_G76, [00000222CE5B7900][00000222CDDB4780 49] Android_Mali_G76_Vulkan, [00000222CE56F600][00000222CDDB8900 49] Android_Mali_G77, [00000222CE5B6200][00000222CDDBCA80 49] Android_Mali_G77_Vulkan, [00000222CE56F800][00000222CDDC0C00 49] Android_Mali_G78, [00000222CE5B4A00][00000222CDDC4D80 49] Android_Mali_G78_Vulkan, [00000222CE56F400][00000222CDDC8F00 49] Android_Mali_G710, [00000222CE5B5400][00000222CDD85040 49] Android_Mali_G710_Vulkan, [00000222CE56C600][00000222CDDCD180 49] Android_Vulkan_SM5, [00000222CE5B6400][00000222CDDD12C0 49] Android_PowerVR_G6xxx, [00000222CE56CE00][00000222CDDD9440 49] Android_PowerVR_GT7xxx, [00000222CE5B4200][00000222CDDDD5C0 49] Android_PowerVR_GE8xxx, [00000222CE56C700][00000222CDDE1740 49] Android_PowerVR_GM9xxx, [00000222CE5B6100][00000222CDDE58C0 49] Android_PowerVR_GM9xxx_Vulkan, [00000222CE582600][00000222CDDE9A40 49] Android_TegraK1, [00000222CE5B6A00][00000222CDDEDBC0 49] Android_Unknown_Vulkan, [00000222CE581400][00000222CDDF01C0 49] Lumin, [00000222CE5B5300][00000222CDDF4340 49] Lumin_Desktop, [00000222CE580C00][00000222CDDF84C0 49] HoloLens, 
[2022.03.07-09.50.31:194][  0]LogMeshReduction: Using QuadricMeshReduction for automatic static mesh reduction
[2022.03.07-09.50.31:194][  0]LogMeshReduction: Using SimplygonMeshReduction for automatic skeletal mesh reduction
[2022.03.07-09.50.31:194][  0]LogMeshReduction: Using ProxyLODMeshReduction for automatic mesh merging
[2022.03.07-09.50.31:194][  0]LogMeshReduction: No distributed automatic mesh merging module available
[2022.03.07-09.50.31:194][  0]LogMeshMerging: No distributed automatic mesh merging module available
[2022.03.07-09.50.31:227][  0]LogNetVersion: MyProject_3_7 1.0.0, NetCL: 17155196, EngineNetVer: 17, GameNetVer: 0 (Checksum: 2812037531)
[2022.03.07-09.50.31:781][  0]LogTexture: Default maximum texture size for cubemaps generated from long-lat sources has been changed from 512 to unlimited. In order to preserve old behaiour for '/Engine/MapTemplates/Sky/DaylightAmbientCubemap.DaylightAmbientCubemap', its maximum texture size has been explicitly set to 512.
[2022.03.07-09.50.31:893][  0]LogHMD: PokeAHoleMaterial loaded successfully
[2022.03.07-09.50.31:900][  0]LogUObjectArray: 17178 objects as part of root set at end of initial load.
[2022.03.07-09.50.31:900][  0]LogUObjectAllocator: 4302048 out of 0 bytes used by permanent object pool.
[2022.03.07-09.50.31:900][  0]LogUObjectArray: CloseDisregardForGC: 0/0 objects in disregard for GC pool
[2022.03.07-09.50.32:906][  0]LogPython: Using Python 3.7.7
[2022.03.07-09.50.33:449][  0]LogNiagaraDebuggerClient: Niagara Debugger Client Initialized | Session: 7106C2B5470B8176A076E781CD5E532B | Instance: BF52E072446DA80D0A051696CC54E04F (DESKTOP-GOJEONG-11292).
[2022.03.07-09.50.33:541][  0]LogTcpMessaging: Initializing TcpMessaging bridge
[2022.03.07-09.50.33:553][  0]LogUdpMessaging: Initializing bridge on interface 0.0.0.0:0 to multicast group 230.0.0.1:6666.
[2022.03.07-09.50.34:353][  0]SourceControl: 소스 컨트롤이 꺼졌습니다.
[2022.03.07-09.50.34:353][  0]SourceControl: 소스 컨트롤이 꺼졌습니다.
[2022.03.07-09.50.34:358][  0]SourceControl: 소스 컨트롤이 꺼졌습니다.
[2022.03.07-09.50.34:365][  0]SourceControl: 소스 컨트롤이 꺼졌습니다.
[2022.03.07-09.50.34:395][  0]SourceControl: 소스 컨트롤이 꺼졌습니다.
[2022.03.07-09.50.34:442][  0]LogOpenImageDenoise: OIDN starting up
[2022.03.07-09.50.34:447][  0]LogUProjectInfo: Found projects:
[2022.03.07-09.50.34:564][  0]LogAndroidPermission: UAndroidPermissionCallbackProxy::GetInstance
[2022.03.07-09.50.34:617][  0]LogAudioCaptureCore: Display: No Audio Capture implementations found. Audio input will be silent.
[2022.03.07-09.50.34:617][  0]LogAudioCaptureCore: Display: No Audio Capture implementations found. Audio input will be silent.
[2022.03.07-09.50.34:838][  0]LogCollectionManager: Loaded 0 collections in 0.005207 seconds
[2022.03.07-09.50.34:894][  0]LogFileCache: Scanning file cache for directory 'C:/Users/KOCCA30/Desktop/Education/-/MyProject_3_7/Saved/Collections/' took 0.00s
[2022.03.07-09.50.34:894][  0]LogFileCache: Scanning file cache for directory 'C:/Users/KOCCA30/Desktop/Education/-/MyProject_3_7/Content/Developers/KOCCA30/Collections/' took 0.00s
[2022.03.07-09.50.34:894][  0]LogFileCache: Scanning file cache for directory 'C:/Users/KOCCA30/Desktop/Education/-/MyProject_3_7/Content/Collections/' took 0.00s
[2022.03.07-09.50.34:895][  0]LogOcInput: OculusInput pre-init called
[2022.03.07-09.50.35:253][  0]LogEngine: Initializing Engine...
[2022.03.07-09.50.35:257][  0]LogHMD: Failed to enumerate extensions. Please check that you have a valid OpenXR runtime installed.
[2022.03.07-09.50.35:257][  0]LogHMD: Failed to initialize OpenVR with code 110
[2022.03.07-09.50.35:257][  0]LogMagicLeap: Warning: VR disabled because ZI is not enabled.  To enable, in the editor, Edit -> Project Settings -> Plugins -> Magic Leap Plugin -> Enable Zero Iteration
[2022.03.07-09.50.35:258][  0]LogStats: UGameplayTagsManager::InitializeManager -  0.000 s
[2022.03.07-09.50.35:412][  0]LogInit: Initializing FReadOnlyCVARCache
[2022.03.07-09.50.35:429][  0]LogAIModule: Creating AISystem for world Untitled
[2022.03.07-09.50.35:429][  0]LogAudio: Display: Initializing Audio Device Manager...
[2022.03.07-09.50.35:435][  0]LogAudio: Display: Loading Default Audio Settings Objects...
[2022.03.07-09.50.35:436][  0]LogAudio: Display: No default SoundConcurrencyObject specified (or failed to load).
[2022.03.07-09.50.35:437][  0]LogAudio: Display: Audio Device Manager Initialized
[2022.03.07-09.50.35:437][  0]LogAudio: Display: Creating Audio Device:                 Id: 1, Scope: Shared, Realtime: True
[2022.03.07-09.50.35:437][  0]LogAudioMixer: Display: Audio Mixer Platform Settings:
[2022.03.07-09.50.35:437][  0]LogAudioMixer: Display: 	Sample Rate:						  48000
[2022.03.07-09.50.35:437][  0]LogAudioMixer: Display: 	Callback Buffer Frame Size Requested: 1024
[2022.03.07-09.50.35:437][  0]LogAudioMixer: Display: 	Callback Buffer Frame Size To Use:	  1024
[2022.03.07-09.50.35:437][  0]LogAudioMixer: Display: 	Number of buffers to queue:			  2
[2022.03.07-09.50.35:437][  0]LogAudioMixer: Display: 	Max Channels (voices):				  32
[2022.03.07-09.50.35:437][  0]LogAudioMixer: Display: 	Number of Async Source Workers:		  0
[2022.03.07-09.50.35:437][  0]LogAudio: Display: AudioDevice MaxSources: 32
[2022.03.07-09.50.35:437][  0]LogAudio: Display: Audio Spatialization Plugin: None (built-in).
[2022.03.07-09.50.35:437][  0]LogAudio: Display: Audio Reverb Plugin: None (built-in).
[2022.03.07-09.50.35:437][  0]LogAudio: Display: Audio Occlusion Plugin: None (built-in).
[2022.03.07-09.50.35:437][  0]LogAudioMixer: Display: Initializing audio mixer.
[2022.03.07-09.50.35:505][  0]LogAudioMixer: Display: 0: FrontLeft
[2022.03.07-09.50.35:505][  0]LogAudioMixer: Display: 1: FrontRight
[2022.03.07-09.50.35:636][  0]LogAudioMixer: Display: Using Audio Device Realtek HD Audio 2nd output(Realtek High Definition Audio)
[2022.03.07-09.50.35:636][  0]LogAudioMixer: Display: Initializing Sound Submixes...
[2022.03.07-09.50.35:640][  0]LogAudioMixer: Display: Creating Master Submix 'MasterSubmixDefault'
[2022.03.07-09.50.35:640][  0]LogAudioMixer: Display: Creating Master Submix 'MasterReverbSubmixDefault'
[2022.03.07-09.50.35:641][  0]LogAudioMixer: Display: Creating Master Submix 'MasterEQSubmixDefault'
[2022.03.07-09.50.35:641][  0]LogAudioMixer: FMixerPlatformXAudio2::StartAudioStream() called
[2022.03.07-09.50.35:641][  0]LogAudioMixer: Display: Output buffers initialized: Frames=1024, Channels=2, Samples=2048
[2022.03.07-09.50.35:642][  0]LogAudioMixer: Display: Starting AudioMixerPlatformInterface::RunInternal()
[2022.03.07-09.50.35:642][  0]LogAudioMixer: Display: FMixerPlatformXAudio2::SubmitBuffer() called for the first time
[2022.03.07-09.50.35:642][  0]LogInit: FAudioDevice initialized.
[2022.03.07-09.50.35:643][  0]LogAudio: Display: Audio Device (ID: 1) registered with world 'Untitled'.
[2022.03.07-09.50.35:643][  0]LogNetVersion: Set ProjectVersion to 1.0.0.0. Version Checksum will be recalculated on next use.
[2022.03.07-09.50.35:695][  0]LogDerivedDataCache: Saved boot cache 0.05s 94MB C:/Users/KOCCA30/AppData/Local/UnrealEngine/4.27/DerivedDataCache/Boot.ddc.
[2022.03.07-09.50.35:695][  0]LogInit: Texture streaming: Enabled
[2022.03.07-09.50.35:720][  0]LogAnalytics: Display: [UEEditor.Rocket.Release] APIServer = https://datarouter.ol.epicgames.com/. AppVersion = 4.27.2-18319896+++UE4+Release-4.27
[2022.03.07-09.50.35:732][  0]LogEngineSessionManager: EngineSessionManager initialized
[2022.03.07-09.50.35:732][  0]LogEditorSessionSummary: Verbose: Initializing EditorSessionSummaryWriter for editor session tracking
[2022.03.07-09.50.35:741][  0]LogEditorSessionSummary: EditorSessionSummaryWriter initialized
[2022.03.07-09.50.35:777][  0]LogInit: Transaction tracking system initialized
[2022.03.07-09.50.35:834][  0]BlueprintLog: New page: 에디터 로드
[2022.03.07-09.50.35:986][  0]LocalizationService: 현지화 서비스가 비활성화되었습니다.
[2022.03.07-09.50.36:084][  0]TimingProfiler: Initialize
[2022.03.07-09.50.36:084][  0]TimingProfiler: OnSessionChanged
[2022.03.07-09.50.36:084][  0]LoadingProfiler: Initialize
[2022.03.07-09.50.36:085][  0]LoadingProfiler: OnSessionChanged
[2022.03.07-09.50.36:085][  0]NetworkingProfiler: Initialize
[2022.03.07-09.50.36:085][  0]NetworkingProfiler: OnSessionChanged
[2022.03.07-09.50.36:085][  0]MemoryProfiler: Initialize
[2022.03.07-09.50.36:085][  0]MemoryProfiler: OnSessionChanged
[2022.03.07-09.50.36:311][  0]LogCook: Display: CookSettings for Memory: MemoryMaxUsedVirtual 0MiB, MemoryMaxUsedPhysical 16384MiB, MemoryMinFreeVirtual 0MiB, MemoryMinFreePhysical 1024MiB
[2022.03.07-09.50.36:311][  0]LogCook: Display: Mobile HDR setting 1
[2022.03.07-09.50.36:682][  0]LogFileCache: Scanning file cache for directory 'C:/Users/KOCCA30/Desktop/Education/-/MyProject_3_7/Content/' took 0.01s
[2022.03.07-09.50.36:889][  0]LogInit: Display: Engine is initialized. Leaving FEngineLoop::Init()
[2022.03.07-09.50.36:897][  0]SourceControl: 소스 컨트롤이 꺼졌습니다.
[2022.03.07-09.50.36:897][  0]LogUnrealEdMisc: Loading editor; pre map load, took 11.863
[2022.03.07-09.50.36:897][  0]Cmd: MAP LOAD FILE="../../../../../../Users/KOCCA30/Desktop/Education/-/MyProject_3_7/Content/FirstPersonBP/Maps/FirstPersonExampleMap.umap" TEMPLATE=0 SHOWPROGRESS=1 FEATURELEVEL=3
[2022.03.07-09.50.36:898][  0]LightingResults: New page: 라이팅 빌드
[2022.03.07-09.50.36:900][  0]LogWorld: UWorld::CleanupWorld for Untitled, bSessionEnded=true, bCleanupResources=true
[2022.03.07-09.50.36:900][  0]LogSlate: InvalidateAllWidgets triggered.  All widgets were invalidated
[2022.03.07-09.50.36:900][  0]MapCheck: New page: 맵 체크
[2022.03.07-09.50.36:900][  0]LightingResults: New page: 라이팅 빌드
[2022.03.07-09.50.36:909][  0]LogAudio: Display: Audio Device unregistered from world 'None'.
[2022.03.07-09.50.36:912][  0]LogUObjectHash: Compacting FUObjectHashTables data took   0.81ms
[2022.03.07-09.50.37:202][  0]LogAudio: Display: Audio Device (ID: 1) registered with world 'FirstPersonExampleMap'.
[2022.03.07-09.50.37:203][  0]LogAIModule: Creating AISystem for world FirstPersonExampleMap
[2022.03.07-09.50.37:215][  0]LogEditorServer: Finished looking for orphan Actors (0.000 secs)
[2022.03.07-09.50.37:231][  0]LogUObjectHash: Compacting FUObjectHashTables data took   2.27ms
[2022.03.07-09.50.37:231][  0]Cmd: MAP CHECKDEP NOCLEARLOG
[2022.03.07-09.50.37:232][  0]MapCheck: 맵 체크 완료: 오류 0 회, 경고 0 회, 소요 시간 0.486ms.
[2022.03.07-09.50.37:232][  0]LogFileHelpers: Loading map 'FirstPersonExampleMap' took 0.335
[2022.03.07-09.50.37:235][  0]LogUnrealEdMisc: Total Editor Startup Time, took 12.200
[2022.03.07-09.50.37:457][  0]LogSlate: Updating window title bar state: overlay mode, drag disabled, window buttons hidden, title bar hidden
[2022.03.07-09.50.37:463][  0]LogSlate: Updating window title bar state: overlay mode, drag disabled, window buttons hidden, title bar hidden
[2022.03.07-09.50.37:469][  0]LogSlate: Updating window title bar state: overlay mode, drag disabled, window buttons hidden, title bar hidden
[2022.03.07-09.50.37:475][  0]LogSlate: Updating window title bar state: overlay mode, drag disabled, window buttons hidden, title bar hidden
[2022.03.07-09.50.37:495][  0]LogNativeClassHierarchy: Verbose: Native class hierarchy populated in 0.0096 seconds. Added 3822 classes and 928 folders.
[2022.03.07-09.50.37:498][  0]LogNativeClassHierarchy: Verbose: Native class hierarchy updated for 'WidgetCarousel' in 0.0003 seconds. Added 0 classes and 0 folders.
[2022.03.07-09.50.37:500][  0]LogPakFile: PakFile PrimaryIndexSize=187
[2022.03.07-09.50.37:500][  0]LogPakFile: PakFile PathHashIndexSize=101
[2022.03.07-09.50.37:500][  0]LogPakFile: PakFile FullDirectoryIndexSize=148
[2022.03.07-09.50.37:500][  0]LogShaderLibrary: Display: ShaderCodeLibraryPakFileMountedCallback: PakFile 'C:/Program Files/Epic Games/UE_4.27/FeaturePacks/FP_FirstPerson.upack' (chunk index -1, root 'root:/') mounted
[2022.03.07-09.50.37:500][  0]LogShaderLibrary: Display: ShaderCodeLibraryPakFileMountedCallback: pending pak file info (ChunkID:-1 Root:root:/ File:C:/Program Files/Epic Games/UE_4.27/FeaturePacks/FP_FirstPerson.upack)
[2022.03.07-09.50.37:500][  0]LogPakFile: OnPakFileMounted2Time == 0.000060
[2022.03.07-09.50.37:501][  0]LogPakFile: PakFile PrimaryIndexSize=189
[2022.03.07-09.50.37:501][  0]LogPakFile: PakFile PathHashIndexSize=101
[2022.03.07-09.50.37:501][  0]LogPakFile: PakFile FullDirectoryIndexSize=152
[2022.03.07-09.50.37:501][  0]LogShaderLibrary: Display: ShaderCodeLibraryPakFileMountedCallback: PakFile 'C:/Program Files/Epic Games/UE_4.27/FeaturePacks/FP_FirstPersonBP.upack' (chunk index -1, root 'root:/') mounted
[2022.03.07-09.50.37:501][  0]LogShaderLibrary: Display: ShaderCodeLibraryPakFileMountedCallback: pending pak file info (ChunkID:-1 Root:root:/ File:C:/Program Files/Epic Games/UE_4.27/FeaturePacks/FP_FirstPersonBP.upack)
[2022.03.07-09.50.37:501][  0]LogPakFile: OnPakFileMounted2Time == 0.000045
[2022.03.07-09.50.37:502][  0]LogPakFile: PakFile PrimaryIndexSize=191
[2022.03.07-09.50.37:502][  0]LogPakFile: PakFile PathHashIndexSize=101
[2022.03.07-09.50.37:502][  0]LogPakFile: PakFile FullDirectoryIndexSize=160
[2022.03.07-09.50.37:502][  0]LogShaderLibrary: Display: ShaderCodeLibraryPakFileMountedCallback: PakFile 'C:/Program Files/Epic Games/UE_4.27/FeaturePacks/MobileStarterContent.upack' (chunk index -1, root 'root:/') mounted
[2022.03.07-09.50.37:502][  0]LogShaderLibrary: Display: ShaderCodeLibraryPakFileMountedCallback: pending pak file info (ChunkID:-1 Root:root:/ File:C:/Program Files/Epic Games/UE_4.27/FeaturePacks/MobileStarterContent.upack)
[2022.03.07-09.50.37:502][  0]LogPakFile: OnPakFileMounted2Time == 0.000036
[2022.03.07-09.50.37:503][  0]LogPakFile: PakFile PrimaryIndexSize=185
[2022.03.07-09.50.37:503][  0]LogPakFile: PakFile PathHashIndexSize=101
[2022.03.07-09.50.37:503][  0]LogPakFile: PakFile FullDirectoryIndexSize=148
[2022.03.07-09.50.37:503][  0]LogShaderLibrary: Display: ShaderCodeLibraryPakFileMountedCallback: PakFile 'C:/Program Files/Epic Games/UE_4.27/FeaturePacks/StarterContent.upack' (chunk index -1, root 'root:/') mounted
[2022.03.07-09.50.37:503][  0]LogShaderLibrary: Display: ShaderCodeLibraryPakFileMountedCallback: pending pak file info (ChunkID:-1 Root:root:/ File:C:/Program Files/Epic Games/UE_4.27/FeaturePacks/StarterContent.upack)
[2022.03.07-09.50.37:503][  0]LogPakFile: OnPakFileMounted2Time == 0.000037
[2022.03.07-09.50.37:504][  0]LogPakFile: PakFile PrimaryIndexSize=190
[2022.03.07-09.50.37:504][  0]LogPakFile: PakFile PathHashIndexSize=101
[2022.03.07-09.50.37:504][  0]LogPakFile: PakFile FullDirectoryIndexSize=154
[2022.03.07-09.50.37:504][  0]LogShaderLibrary: Display: ShaderCodeLibraryPakFileMountedCallback: PakFile 'C:/Program Files/Epic Games/UE_4.27/FeaturePacks/TP_2DSideScroller.upack' (chunk index -1, root 'root:/') mounted
[2022.03.07-09.50.37:504][  0]LogShaderLibrary: Display: ShaderCodeLibraryPakFileMountedCallback: pending pak file info (ChunkID:-1 Root:root:/ File:C:/Program Files/Epic Games/UE_4.27/FeaturePacks/TP_2DSideScroller.upack)
[2022.03.07-09.50.37:504][  0]LogPakFile: OnPakFileMounted2Time == 0.000036
[2022.03.07-09.50.37:505][  0]LogPakFile: PakFile PrimaryIndexSize=192
[2022.03.07-09.50.37:505][  0]LogPakFile: PakFile PathHashIndexSize=101
[2022.03.07-09.50.37:505][  0]LogPakFile: PakFile FullDirectoryIndexSize=158
[2022.03.07-09.50.37:505][  0]LogShaderLibrary: Display: ShaderCodeLibraryPakFileMountedCallback: PakFile 'C:/Program Files/Epic Games/UE_4.27/FeaturePacks/TP_2DSideScrollerBP.upack' (chunk index -1, root 'root:/') mounted
[2022.03.07-09.50.37:505][  0]LogShaderLibrary: Display: ShaderCodeLibraryPakFileMountedCallback: pending pak file info (ChunkID:-1 Root:root:/ File:C:/Program Files/Epic Games/UE_4.27/FeaturePacks/TP_2DSideScrollerBP.upack)
[2022.03.07-09.50.37:505][  0]LogPakFile: OnPakFileMounted2Time == 0.000038
[2022.03.07-09.50.37:506][  0]LogPakFile: PakFile PrimaryIndexSize=182
[2022.03.07-09.50.37:506][  0]LogPakFile: PakFile PathHashIndexSize=101
[2022.03.07-09.50.37:506][  0]LogPakFile: PakFile FullDirectoryIndexSize=138
[2022.03.07-09.50.37:506][  0]LogShaderLibrary: Display: ShaderCodeLibraryPakFileMountedCallback: PakFile 'C:/Program Files/Epic Games/UE_4.27/FeaturePacks/TP_Flying.upack' (chunk index -1, root 'root:/') mounted
[2022.03.07-09.50.37:506][  0]LogShaderLibrary: Display: ShaderCodeLibraryPakFileMountedCallback: pending pak file info (ChunkID:-1 Root:root:/ File:C:/Program Files/Epic Games/UE_4.27/FeaturePacks/TP_Flying.upack)
[2022.03.07-09.50.37:506][  0]LogPakFile: OnPakFileMounted2Time == 0.000035
[2022.03.07-09.50.37:507][  0]LogPakFile: PakFile PrimaryIndexSize=184
[2022.03.07-09.50.37:507][  0]LogPakFile: PakFile PathHashIndexSize=101
[2022.03.07-09.50.37:507][  0]LogPakFile: PakFile FullDirectoryIndexSize=142
[2022.03.07-09.50.37:507][  0]LogShaderLibrary: Display: ShaderCodeLibraryPakFileMountedCallback: PakFile 'C:/Program Files/Epic Games/UE_4.27/FeaturePacks/TP_FlyingBP.upack' (chunk index -1, root 'root:/') mounted
[2022.03.07-09.50.37:507][  0]LogShaderLibrary: Display: ShaderCodeLibraryPakFileMountedCallback: pending pak file info (ChunkID:-1 Root:root:/ File:C:/Program Files/Epic Games/UE_4.27/FeaturePacks/TP_FlyingBP.upack)
[2022.03.07-09.50.37:507][  0]LogPakFile: OnPakFileMounted2Time == 0.000034
[2022.03.07-09.50.37:507][  0]LogPakFile: PakFile PrimaryIndexSize=188
[2022.03.07-09.50.37:507][  0]LogPakFile: PakFile PathHashIndexSize=101
[2022.03.07-09.50.37:507][  0]LogPakFile: PakFile FullDirectoryIndexSize=150
[2022.03.07-09.50.37:507][  0]LogShaderLibrary: Display: ShaderCodeLibraryPakFileMountedCallback: PakFile 'C:/Program Files/Epic Games/UE_4.27/FeaturePacks/TP_HandheldARBP.upack' (chunk index -1, root 'root:/') mounted
[2022.03.07-09.50.37:507][  0]LogShaderLibrary: Display: ShaderCodeLibraryPakFileMountedCallback: pending pak file info (ChunkID:-1 Root:root:/ File:C:/Program Files/Epic Games/UE_4.27/FeaturePacks/TP_HandheldARBP.upack)
[2022.03.07-09.50.37:507][  0]LogPakFile: OnPakFileMounted2Time == 0.000034
[2022.03.07-09.50.37:508][  0]LogPakFile: PakFile PrimaryIndexSize=182
[2022.03.07-09.50.37:508][  0]LogPakFile: PakFile PathHashIndexSize=101
[2022.03.07-09.50.37:508][  0]LogPakFile: PakFile FullDirectoryIndexSize=138
[2022.03.07-09.50.37:508][  0]LogShaderLibrary: Display: ShaderCodeLibraryPakFileMountedCallback: PakFile 'C:/Program Files/Epic Games/UE_4.27/FeaturePacks/TP_Puzzle.upack' (chunk index -1, root 'root:/') mounted
[2022.03.07-09.50.37:508][  0]LogShaderLibrary: Display: ShaderCodeLibraryPakFileMountedCallback: pending pak file info (ChunkID:-1 Root:root:/ File:C:/Program Files/Epic Games/UE_4.27/FeaturePacks/TP_Puzzle.upack)
[2022.03.07-09.50.37:508][  0]LogPakFile: OnPakFileMounted2Time == 0.000035
[2022.03.07-09.50.37:509][  0]LogPakFile: PakFile PrimaryIndexSize=184
[2022.03.07-09.50.37:509][  0]LogPakFile: PakFile PathHashIndexSize=101
[2022.03.07-09.50.37:509][  0]LogPakFile: PakFile FullDirectoryIndexSize=142
[2022.03.07-09.50.37:509][  0]LogShaderLibrary: Display: ShaderCodeLibraryPakFileMountedCallback: PakFile 'C:/Program Files/Epic Games/UE_4.27/FeaturePacks/TP_PuzzleBP.upack' (chunk index -1, root 'root:/') mounted
[2022.03.07-09.50.37:509][  0]LogShaderLibrary: Display: ShaderCodeLibraryPakFileMountedCallback: pending pak file info (ChunkID:-1 Root:root:/ File:C:/Program Files/Epic Games/UE_4.27/FeaturePacks/TP_PuzzleBP.upack)
[2022.03.07-09.50.37:509][  0]LogPakFile: OnPakFileMounted2Time == 0.000034
[2022.03.07-09.50.37:510][  0]LogPakFile: PakFile PrimaryIndexSize=183
[2022.03.07-09.50.37:510][  0]LogPakFile: PakFile PathHashIndexSize=101
[2022.03.07-09.50.37:510][  0]LogPakFile: PakFile FullDirectoryIndexSize=140
[2022.03.07-09.50.37:510][  0]LogShaderLibrary: Display: ShaderCodeLibraryPakFileMountedCallback: PakFile 'C:/Program Files/Epic Games/UE_4.27/FeaturePacks/TP_Rolling.upack' (chunk index -1, root 'root:/') mounted
[2022.03.07-09.50.37:510][  0]LogShaderLibrary: Display: ShaderCodeLibraryPakFileMountedCallback: pending pak file info (ChunkID:-1 Root:root:/ File:C:/Program Files/Epic Games/UE_4.27/FeaturePacks/TP_Rolling.upack)
[2022.03.07-09.50.37:510][  0]LogPakFile: OnPakFileMounted2Time == 0.000034
[2022.03.07-09.50.37:511][  0]LogPakFile: PakFile PrimaryIndexSize=185
[2022.03.07-09.50.37:511][  0]LogPakFile: PakFile PathHashIndexSize=101
[2022.03.07-09.50.37:511][  0]LogPakFile: PakFile FullDirectoryIndexSize=144
[2022.03.07-09.50.37:511][  0]LogShaderLibrary: Display: ShaderCodeLibraryPakFileMountedCallback: PakFile 'C:/Program Files/Epic Games/UE_4.27/FeaturePacks/TP_RollingBP.upack' (chunk index -1, root 'root:/') mounted
[2022.03.07-09.50.37:511][  0]LogShaderLibrary: Display: ShaderCodeLibraryPakFileMountedCallback: pending pak file info (ChunkID:-1 Root:root:/ File:C:/Program Files/Epic Games/UE_4.27/FeaturePacks/TP_RollingBP.upack)
[2022.03.07-09.50.37:511][  0]LogPakFile: OnPakFileMounted2Time == 0.000035
[2022.03.07-09.50.37:512][  0]LogPakFile: PakFile PrimaryIndexSize=188
[2022.03.07-09.50.37:512][  0]LogPakFile: PakFile PathHashIndexSize=101
[2022.03.07-09.50.37:512][  0]LogPakFile: PakFile FullDirectoryIndexSize=150
[2022.03.07-09.50.37:512][  0]LogShaderLibrary: Display: ShaderCodeLibraryPakFileMountedCallback: PakFile 'C:/Program Files/Epic Games/UE_4.27/FeaturePacks/TP_SideScroller.upack' (chunk index -1, root 'root:/') mounted
[2022.03.07-09.50.37:512][  0]LogShaderLibrary: Display: ShaderCodeLibraryPakFileMountedCallback: pending pak file info (ChunkID:-1 Root:root:/ File:C:/Program Files/Epic Games/UE_4.27/FeaturePacks/TP_SideScroller.upack)
[2022.03.07-09.50.37:512][  0]LogPakFile: OnPakFileMounted2Time == 0.000034
[2022.03.07-09.50.37:512][  0]LogPakFile: PakFile PrimaryIndexSize=190
[2022.03.07-09.50.37:512][  0]LogPakFile: PakFile PathHashIndexSize=101
[2022.03.07-09.50.37:512][  0]LogPakFile: PakFile FullDirectoryIndexSize=154
[2022.03.07-09.50.37:512][  0]LogShaderLibrary: Display: ShaderCodeLibraryPakFileMountedCallback: PakFile 'C:/Program Files/Epic Games/UE_4.27/FeaturePacks/TP_SideScrollerBP.upack' (chunk index -1, root 'root:/') mounted
[2022.03.07-09.50.37:512][  0]LogShaderLibrary: Display: ShaderCodeLibraryPakFileMountedCallback: pending pak file info (ChunkID:-1 Root:root:/ File:C:/Program Files/Epic Games/UE_4.27/FeaturePacks/TP_SideScrollerBP.upack)
[2022.03.07-09.50.37:512][  0]LogPakFile: OnPakFileMounted2Time == 0.000035
[2022.03.07-09.50.37:513][  0]LogPakFile: PakFile PrimaryIndexSize=187
[2022.03.07-09.50.37:513][  0]LogPakFile: PakFile PathHashIndexSize=101
[2022.03.07-09.50.37:513][  0]LogPakFile: PakFile FullDirectoryIndexSize=148
[2022.03.07-09.50.37:513][  0]LogShaderLibrary: Display: ShaderCodeLibraryPakFileMountedCallback: PakFile 'C:/Program Files/Epic Games/UE_4.27/FeaturePacks/TP_ThirdPerson.upack' (chunk index -1, root 'root:/') mounted
[2022.03.07-09.50.37:513][  0]LogShaderLibrary: Display: ShaderCodeLibraryPakFileMountedCallback: pending pak file info (ChunkID:-1 Root:root:/ File:C:/Program Files/Epic Games/UE_4.27/FeaturePacks/TP_ThirdPerson.upack)
[2022.03.07-09.50.37:513][  0]LogPakFile: OnPakFileMounted2Time == 0.000034
[2022.03.07-09.50.37:514][  0]LogPakFile: PakFile PrimaryIndexSize=189
[2022.03.07-09.50.37:514][  0]LogPakFile: PakFile PathHashIndexSize=101
[2022.03.07-09.50.37:514][  0]LogPakFile: PakFile FullDirectoryIndexSize=152
[2022.03.07-09.50.37:514][  0]LogShaderLibrary: Display: ShaderCodeLibraryPakFileMountedCallback: PakFile 'C:/Program Files/Epic Games/UE_4.27/FeaturePacks/TP_ThirdPersonBP.upack' (chunk index -1, root 'root:/') mounted
[2022.03.07-09.50.37:514][  0]LogShaderLibrary: Display: ShaderCodeLibraryPakFileMountedCallback: pending pak file info (ChunkID:-1 Root:root:/ File:C:/Program Files/Epic Games/UE_4.27/FeaturePacks/TP_ThirdPersonBP.upack)
[2022.03.07-09.50.37:514][  0]LogPakFile: OnPakFileMounted2Time == 0.000035
[2022.03.07-09.50.37:515][  0]LogPakFile: PakFile PrimaryIndexSize=183
[2022.03.07-09.50.37:515][  0]LogPakFile: PakFile PathHashIndexSize=101
[2022.03.07-09.50.37:515][  0]LogPakFile: PakFile FullDirectoryIndexSize=140
[2022.03.07-09.50.37:515][  0]LogShaderLibrary: Display: ShaderCodeLibraryPakFileMountedCallback: PakFile 'C:/Program Files/Epic Games/UE_4.27/FeaturePacks/TP_TopDown.upack' (chunk index -1, root 'root:/') mounted
[2022.03.07-09.50.37:515][  0]LogShaderLibrary: Display: ShaderCodeLibraryPakFileMountedCallback: pending pak file info (ChunkID:-1 Root:root:/ File:C:/Program Files/Epic Games/UE_4.27/FeaturePacks/TP_TopDown.upack)
[2022.03.07-09.50.37:515][  0]LogPakFile: OnPakFileMounted2Time == 0.000043
[2022.03.07-09.50.37:516][  0]LogPakFile: PakFile PrimaryIndexSize=185
[2022.03.07-09.50.37:516][  0]LogPakFile: PakFile PathHashIndexSize=101
[2022.03.07-09.50.37:516][  0]LogPakFile: PakFile FullDirectoryIndexSize=144
[2022.03.07-09.50.37:516][  0]LogShaderLibrary: Display: ShaderCodeLibraryPakFileMountedCallback: PakFile 'C:/Program Files/Epic Games/UE_4.27/FeaturePacks/TP_TopDownBP.upack' (chunk index -1, root 'root:/') mounted
[2022.03.07-09.50.37:516][  0]LogShaderLibrary: Display: ShaderCodeLibraryPakFileMountedCallback: pending pak file info (ChunkID:-1 Root:root:/ File:C:/Program Files/Epic Games/UE_4.27/FeaturePacks/TP_TopDownBP.upack)
[2022.03.07-09.50.37:516][  0]LogPakFile: OnPakFileMounted2Time == 0.000034
[2022.03.07-09.50.37:517][  0]LogPakFile: PakFile PrimaryIndexSize=185
[2022.03.07-09.50.37:517][  0]LogPakFile: PakFile PathHashIndexSize=101
[2022.03.07-09.50.37:517][  0]LogPakFile: PakFile FullDirectoryIndexSize=144
[2022.03.07-09.50.37:517][  0]LogShaderLibrary: Display: ShaderCodeLibraryPakFileMountedCallback: PakFile 'C:/Program Files/Epic Games/UE_4.27/FeaturePacks/TP_TwinStick.upack' (chunk index -1, root 'root:/') mounted
[2022.03.07-09.50.37:517][  0]LogShaderLibrary: Display: ShaderCodeLibraryPakFileMountedCallback: pending pak file info (ChunkID:-1 Root:root:/ File:C:/Program Files/Epic Games/UE_4.27/FeaturePacks/TP_TwinStick.upack)
[2022.03.07-09.50.37:517][  0]LogPakFile: OnPakFileMounted2Time == 0.000034
[2022.03.07-09.50.37:517][  0]LogPakFile: PakFile PrimaryIndexSize=187
[2022.03.07-09.50.37:517][  0]LogPakFile: PakFile PathHashIndexSize=101
[2022.03.07-09.50.37:517][  0]LogPakFile: PakFile FullDirectoryIndexSize=148
[2022.03.07-09.50.37:517][  0]LogShaderLibrary: Display: ShaderCodeLibraryPakFileMountedCallback: PakFile 'C:/Program Files/Epic Games/UE_4.27/FeaturePacks/TP_TwinStickBP.upack' (chunk index -1, root 'root:/') mounted
[2022.03.07-09.50.37:517][  0]LogShaderLibrary: Display: ShaderCodeLibraryPakFileMountedCallback: pending pak file info (ChunkID:-1 Root:root:/ File:C:/Program Files/Epic Games/UE_4.27/FeaturePacks/TP_TwinStickBP.upack)
[2022.03.07-09.50.37:517][  0]LogPakFile: OnPakFileMounted2Time == 0.000034
[2022.03.07-09.50.37:518][  0]LogPakFile: PakFile PrimaryIndexSize=183
[2022.03.07-09.50.37:518][  0]LogPakFile: PakFile PathHashIndexSize=101
[2022.03.07-09.50.37:518][  0]LogPakFile: PakFile FullDirectoryIndexSize=140
[2022.03.07-09.50.37:518][  0]LogShaderLibrary: Display: ShaderCodeLibraryPakFileMountedCallback: PakFile 'C:/Program Files/Epic Games/UE_4.27/FeaturePacks/TP_Vehicle.upack' (chunk index -1, root 'root:/') mounted
[2022.03.07-09.50.37:518][  0]LogShaderLibrary: Display: ShaderCodeLibraryPakFileMountedCallback: pending pak file info (ChunkID:-1 Root:root:/ File:C:/Program Files/Epic Games/UE_4.27/FeaturePacks/TP_Vehicle.upack)
[2022.03.07-09.50.37:518][  0]LogPakFile: OnPakFileMounted2Time == 0.000035
[2022.03.07-09.50.37:519][  0]LogPakFile: PakFile PrimaryIndexSize=186
[2022.03.07-09.50.37:519][  0]LogPakFile: PakFile PathHashIndexSize=101
[2022.03.07-09.50.37:519][  0]LogPakFile: PakFile FullDirectoryIndexSize=146
[2022.03.07-09.50.37:519][  0]LogShaderLibrary: Display: ShaderCodeLibraryPakFileMountedCallback: PakFile 'C:/Program Files/Epic Games/UE_4.27/FeaturePacks/TP_VehicleAdv.upack' (chunk index -1, root 'root:/') mounted
[2022.03.07-09.50.37:519][  0]LogShaderLibrary: Display: ShaderCodeLibraryPakFileMountedCallback: pending pak file info (ChunkID:-1 Root:root:/ File:C:/Program Files/Epic Games/UE_4.27/FeaturePacks/TP_VehicleAdv.upack)
[2022.03.07-09.50.37:519][  0]LogPakFile: OnPakFileMounted2Time == 0.000035
[2022.03.07-09.50.37:520][  0]LogPakFile: PakFile PrimaryIndexSize=188
[2022.03.07-09.50.37:520][  0]LogPakFile: PakFile PathHashIndexSize=101
[2022.03.07-09.50.37:520][  0]LogPakFile: PakFile FullDirectoryIndexSize=150
[2022.03.07-09.50.37:520][  0]LogShaderLibrary: Display: ShaderCodeLibraryPakFileMountedCallback: PakFile 'C:/Program Files/Epic Games/UE_4.27/FeaturePacks/TP_VehicleAdvBP.upack' (chunk index -1, root 'root:/') mounted
[2022.03.07-09.50.37:520][  0]LogShaderLibrary: Display: ShaderCodeLibraryPakFileMountedCallback: pending pak file info (ChunkID:-1 Root:root:/ File:C:/Program Files/Epic Games/UE_4.27/FeaturePacks/TP_VehicleAdvBP.upack)
[2022.03.07-09.50.37:520][  0]LogPakFile: OnPakFileMounted2Time == 0.000038
[2022.03.07-09.50.37:521][  0]LogPakFile: PakFile PrimaryIndexSize=185
[2022.03.07-09.50.37:521][  0]LogPakFile: PakFile PathHashIndexSize=101
[2022.03.07-09.50.37:521][  0]LogPakFile: PakFile FullDirectoryIndexSize=144
[2022.03.07-09.50.37:521][  0]LogShaderLibrary: Display: ShaderCodeLibraryPakFileMountedCallback: PakFile 'C:/Program Files/Epic Games/UE_4.27/FeaturePacks/TP_VehicleBP.upack' (chunk index -1, root 'root:/') mounted
[2022.03.07-09.50.37:521][  0]LogShaderLibrary: Display: ShaderCodeLibraryPakFileMountedCallback: pending pak file info (ChunkID:-1 Root:root:/ File:C:/Program Files/Epic Games/UE_4.27/FeaturePacks/TP_VehicleBP.upack)
[2022.03.07-09.50.37:521][  0]LogPakFile: OnPakFileMounted2Time == 0.000035
[2022.03.07-09.50.37:522][  0]LogPakFile: PakFile PrimaryIndexSize=192
[2022.03.07-09.50.37:522][  0]LogPakFile: PakFile PathHashIndexSize=101
[2022.03.07-09.50.37:522][  0]LogPakFile: PakFile FullDirectoryIndexSize=158
[2022.03.07-09.50.37:522][  0]LogShaderLibrary: Display: ShaderCodeLibraryPakFileMountedCallback: PakFile 'C:/Program Files/Epic Games/UE_4.27/FeaturePacks/TP_VirtualRealityBP.upack' (chunk index -1, root 'root:/') mounted
[2022.03.07-09.50.37:522][  0]LogShaderLibrary: Display: ShaderCodeLibraryPakFileMountedCallback: pending pak file info (ChunkID:-1 Root:root:/ File:C:/Program Files/Epic Games/UE_4.27/FeaturePacks/TP_VirtualRealityBP.upack)
[2022.03.07-09.50.37:522][  0]LogPakFile: OnPakFileMounted2Time == 0.000035
[2022.03.07-09.50.37:592][  0]LogNativeClassHierarchy: Verbose: Native class hierarchy updated for 'AddContentDialog' in 0.0003 seconds. Added 0 classes and 0 folders.
[2022.03.07-09.50.37:594][  0]LogNativeClassHierarchy: Verbose: Native class hierarchy updated for 'SceneOutliner' in 0.0003 seconds. Added 2 classes and 0 folders.
[2022.03.07-09.50.37:647][  0]LogSlate: Took 0.000275 seconds to synchronously load lazily loaded font '../../../Engine/Content/Slate/Fonts/Roboto-Regular.ttf' (155K)
[2022.03.07-09.50.37:648][  0]LogSlate: Took 0.000289 seconds to synchronously load lazily loaded font '../../../Engine/Content/Editor/Slate/Fonts/FontAwesome.ttf' (139K)
[2022.03.07-09.50.37:650][  0]LogSlate: Took 0.001778 seconds to synchronously load lazily loaded font '../../../Engine/Content/Editor/Slate/Fonts/NanumGothic.ttf' (4243K)
[2022.03.07-09.50.37:652][  0]LogSlate: Took 0.001716 seconds to synchronously load lazily loaded font '../../../Engine/Content/Editor/Slate/Fonts/NanumGothicBold.ttf' (4188K)
[2022.03.07-09.50.37:652][  0]LogSlate: Took 0.000242 seconds to synchronously load lazily loaded font '../../../Engine/Content/Slate/Fonts/Roboto-Bold.ttf' (160K)
[2022.03.07-09.50.37:753][  0]LogRenderer: Reallocating scene render targets to support 1616x572 Format 10 NumSamples 1 (Frame:1).
[2022.03.07-09.50.37:921][  0]LogNativeClassHierarchy: Verbose: Native class hierarchy updated for 'HierarchicalLODOutliner' in 0.0005 seconds. Added 0 classes and 0 folders.
[2022.03.07-09.50.37:921][  0]LogLoad: (Engine Initialization) Total time: 12.89 seconds
[2022.03.07-09.50.37:921][  0]LogLoad: (Engine Initialization) Total Blueprint compile time: 0.00 seconds
[2022.03.07-09.50.37:973][  0]LogAssetRegistry: Asset discovery search completed in 7.2448 seconds
[2022.03.07-09.50.37:980][  0]LogCollectionManager: Fixed up redirectors for 0 collections in 0.000004 seconds (updated 0 objects)
[2022.03.07-09.50.37:981][  0]LogContentStreaming: Texture pool size now 1000 MB
[2022.03.07-09.50.38:088][  2]LogSlate: Took 0.000456 seconds to synchronously load lazily loaded font '../../../Engine/Content/Slate/Fonts/Roboto-Light.ttf' (167K)
[2022.03.07-09.50.42:277][474]LogEditorViewport: Clicking on Actor (LMB): StaticMeshActor (EditorCube17)
[2022.03.07-09.50.42:672][491]LogEditorViewport: Clicking on Actor (LMB): StaticMeshActor (EditorCube17)
[2022.03.07-09.50.45:357][784]LogSlate: Took 0.000612 seconds to synchronously load lazily loaded font '../../../Engine/Content/Slate/Fonts/Roboto-Light.ttf' (167K)
[2022.03.07-09.50.45:387][784]LogUObjectHash: Compacting FUObjectHashTables data took   0.64ms
[2022.03.07-09.50.45:433][784]LogSavePackage: Moving '../../../../../../Users/KOCCA30/Desktop/Education/-/MyProject_3_7/Saved/FirstPersonExampleMapF2EC37644D51DD7FA98F03ADDE0F88DF.tmp' to '../../../../../../Users/KOCCA30/Desktop/Education/-/MyProject_3_7/Content/FirstPersonBP/Maps/FirstPersonExampleMap.umap'
[2022.03.07-09.50.46:059][784]LogSavePackage: Moving '../../../../../../Users/KOCCA30/Desktop/Education/-/MyProject_3_7/Saved/FirstPersonExampleMap_BuiltData317E87CF4F36D12CAF26A49A8A93CBE6.tmp' to '../../../../../../Users/KOCCA30/Desktop/Education/-/MyProject_3_7/Content/FirstPersonBP/Maps/FirstPersonExampleMap_BuiltData.uasset'
[2022.03.07-09.50.46:090][784]AssetCheck: New page: 에셋 저장:  다수의 에셋
[2022.03.07-09.50.46:090][784]LogContentValidation: Display: MapBuildDataRegistry /Game/FirstPersonBP/Maps/FirstPersonExampleMap_BuiltData.FirstPersonExampleMap_BuiltData 유효성 검사 중
[2022.03.07-09.50.46:091][784]LogContentValidation: Display: World /Game/FirstPersonBP/Maps/FirstPersonExampleMap.FirstPersonExampleMap 유효성 검사 중
[2022.03.07-09.51.29:796][376]LogUObjectHash: Compacting FUObjectHashTables data took   0.32ms
[2022.03.07-09.51.29:836][376]LogSavePackage: Moving '../../../../../../Users/KOCCA30/Desktop/Education/-/MyProject_3_7/Saved/FirstPersonExampleMap36C8E8CF42DA8D8931D8B68C87B1ADE8.tmp' to '../../../../../../Users/KOCCA30/Desktop/Education/-/MyProject_3_7/Content/FirstPersonBP/Maps/FirstPersonExampleMap.umap'
[2022.03.07-09.51.30:153][376]LogSavePackage: Moving '../../../../../../Users/KOCCA30/Desktop/Education/-/MyProject_3_7/Saved/FirstPersonExampleMap_BuiltData66D731564F019CEED504BE8994B86B7D.tmp' to '../../../../../../Users/KOCCA30/Desktop/Education/-/MyProject_3_7/Content/FirstPersonBP/Maps/FirstPersonExampleMap_BuiltData.uasset'
[2022.03.07-09.51.30:170][376]AssetCheck: New page: 에셋 저장:  다수의 에셋
[2022.03.07-09.51.30:170][376]LogContentValidation: Display: MapBuildDataRegistry /Game/FirstPersonBP/Maps/FirstPersonExampleMap_BuiltData.FirstPersonExampleMap_BuiltData 유효성 검사 중
[2022.03.07-09.51.30:170][376]LogContentValidation: Display: World /Game/FirstPersonBP/Maps/FirstPersonExampleMap.FirstPersonExampleMap 유효성 검사 중
[2022.03.07-09.51.33:327][714]LogEditorViewport: Clicking on Actor (LMB): StaticMeshActor (Floor)
[2022.03.07-09.51.33:927][774]LogEditorViewport: Clicking on Actor (LMB): StaticMeshActor (Wall4)
[2022.03.07-09.51.34:316][809]LogUObjectHash: Compacting FUObjectHashTables data took   0.32ms
[2022.03.07-09.51.34:353][809]LogSavePackage: Moving '../../../../../../Users/KOCCA30/Desktop/Education/-/MyProject_3_7/Saved/FirstPersonExampleMapC8FF129F40291DC13FA0BCB33DDF2E45.tmp' to '../../../../../../Users/KOCCA30/Desktop/Education/-/MyProject_3_7/Content/FirstPersonBP/Maps/FirstPersonExampleMap.umap'
[2022.03.07-09.51.34:650][809]LogSavePackage: Moving '../../../../../../Users/KOCCA30/Desktop/Education/-/MyProject_3_7/Saved/FirstPersonExampleMap_BuiltData2AAF55364A2CC1D9D31B7B9B0ED61719.tmp' to '../../../../../../Users/KOCCA30/Desktop/Education/-/MyProject_3_7/Content/FirstPersonBP/Maps/FirstPersonExampleMap_BuiltData.uasset'
[2022.03.07-09.51.34:669][809]AssetCheck: New page: 에셋 저장:  다수의 에셋
[2022.03.07-09.51.34:669][809]LogContentValidation: Display: MapBuildDataRegistry /Game/FirstPersonBP/Maps/FirstPersonExampleMap_BuiltData.FirstPersonExampleMap_BuiltData 유효성 검사 중
[2022.03.07-09.51.34:669][809]LogContentValidation: Display: World /Game/FirstPersonBP/Maps/FirstPersonExampleMap.FirstPersonExampleMap 유효성 검사 중
[2022.03.07-09.52.19:057][ 93]LogContentBrowser: Deferred new asset folder creation: NewFolder
[2022.03.07-09.52.19:068][ 93]LogContentBrowser: Creating deferred item: NewFolder
[2022.03.07-09.52.30:645][431]LogContentBrowser: Attempting asset rename: NewFolder -> ProjectMaterials
[2022.03.07-09.52.30:646][431]LogContentBrowser: End creating deferred item NewFolder
[2022.03.07-09.53.41:265][285]LogUObjectHash: Compacting FUObjectHashTables data took   0.40ms
[2022.03.07-09.53.41:303][285]LogSavePackage: Moving '../../../../../../Users/KOCCA30/Desktop/Education/-/MyProject_3_7/Saved/FirstPersonExampleMap924302A5413F08C5564923803BC94EF9.tmp' to '../../../../../../Users/KOCCA30/Desktop/Education/-/MyProject_3_7/Content/FirstPersonBP/Maps/FirstPersonExampleMap.umap'
[2022.03.07-09.53.41:636][285]LogSavePackage: Moving '../../../../../../Users/KOCCA30/Desktop/Education/-/MyProject_3_7/Saved/FirstPersonExampleMap_BuiltDataBD18604240AFC0D2E89D57A087E13E72.tmp' to '../../../../../../Users/KOCCA30/Desktop/Education/-/MyProject_3_7/Content/FirstPersonBP/Maps/FirstPersonExampleMap_BuiltData.uasset'
[2022.03.07-09.53.41:648][285]AssetCheck: New page: 에셋 저장:  다수의 에셋
[2022.03.07-09.53.41:648][285]LogContentValidation: Display: MapBuildDataRegistry /Game/FirstPersonBP/Maps/FirstPersonExampleMap_BuiltData.FirstPersonExampleMap_BuiltData 유효성 검사 중
[2022.03.07-09.53.41:648][285]LogContentValidation: Display: World /Game/FirstPersonBP/Maps/FirstPersonExampleMap.FirstPersonExampleMap 유효성 검사 중
[2022.03.07-09.54.00:791][568]LogEditorClassViewer: Warning: Class /Engine/Tutorial/InWorldBlueprintEditing/TutorialAssets/IWBE_Blutility.IWBE_Blutility_C has parent /Script/Blutility.PlacedEditorUtilityBase, but this parent is not found. The Class will not be shown in ClassViewer.
[2022.03.07-09.54.03:895][568]LogSlate: Window '부모 클래스 선택' being destroyed
[2022.03.07-09.54.03:914][568]LogContentBrowser: Deferred new asset file creation: NewBlueprint
[2022.03.07-09.54.03:922][568]LogContentBrowser: Creating deferred item: NewBlueprint
[2022.03.07-09.54.17:696][116]LogContentBrowser: Attempting asset rename: NewBlueprint -> BP_DynamicMat
[2022.03.07-09.54.17:702][116]LogContentBrowser: End creating deferred item NewBlueprint
[2022.03.07-09.54.19:185][289]LogUObjectHash: Compacting FUObjectHashTables data took   0.71ms
[2022.03.07-09.54.19:222][289]LogSavePackage: Moving '../../../../../../Users/KOCCA30/Desktop/Education/-/MyProject_3_7/Saved/FirstPersonExampleMapD16C3367429956F7F89BEAB3621DE109.tmp' to '../../../../../../Users/KOCCA30/Desktop/Education/-/MyProject_3_7/Content/FirstPersonBP/Maps/FirstPersonExampleMap.umap'
[2022.03.07-09.54.19:578][289]LogSavePackage: Moving '../../../../../../Users/KOCCA30/Desktop/Education/-/MyProject_3_7/Saved/FirstPersonExampleMap_BuiltDataFE77078A40FF9F1C839198A6186FE6CE.tmp' to '../../../../../../Users/KOCCA30/Desktop/Education/-/MyProject_3_7/Content/FirstPersonBP/Maps/FirstPersonExampleMap_BuiltData.uasset'
[2022.03.07-09.54.19:593][289]AssetCheck: New page: 에셋 저장:  다수의 에셋
[2022.03.07-09.54.19:593][289]LogContentValidation: Display: MapBuildDataRegistry /Game/FirstPersonBP/Maps/FirstPersonExampleMap_BuiltData.FirstPersonExampleMap_BuiltData 유효성 검사 중
[2022.03.07-09.54.19:594][289]LogContentValidation: Display: World /Game/FirstPersonBP/Maps/FirstPersonExampleMap.FirstPersonExampleMap 유효성 검사 중
[2022.03.07-09.54.29:612][496]LogAssetEditorSubsystem: Opening Asset editor for Blueprint /Game/ProjectMaterials/BP_DynamicMat.BP_DynamicMat
[2022.03.07-09.54.30:648][496]LogNativeClassHierarchy: Verbose: Native class hierarchy updated for 'BlueprintGraph' in 0.0006 seconds. Added 126 classes and 0 folders.
[2022.03.07-09.54.31:709][497]LogRenderer: Reallocating scene render targets to support 1616x604 Format 10 NumSamples 1 (Frame:1).
[2022.03.07-09.54.38:971][133]LogSlate: Took 0.000481 seconds to synchronously load lazily loaded font '../../../Engine/Content/Slate/Fonts/Roboto-Italic.ttf' (157K)
[2022.03.07-09.55.25:389][ 36]Cmd: OBJ SAVEPACKAGE PACKAGE="/Game/ProjectMaterials/BP_DynamicMat" FILE="../../../../../../Users/KOCCA30/Desktop/Education/-/MyProject_3_7/Content/ProjectMaterials/BP_DynamicMat.uasset" SILENT=true
[2022.03.07-09.55.25:397][ 36]LogSavePackage: Moving '../../../../../../Users/KOCCA30/Desktop/Education/-/MyProject_3_7/Saved/BP_DynamicMatC63DEF4845BC51CF131E1982667C6CD4.tmp' to '../../../../../../Users/KOCCA30/Desktop/Education/-/MyProject_3_7/Content/ProjectMaterials/BP_DynamicMat.uasset'
[2022.03.07-09.55.25:418][ 36]AssetCheck: New page: 에셋 저장:  BP_DynamicMat
[2022.03.07-09.55.25:418][ 36]LogContentValidation: Display: Blueprint /Game/ProjectMaterials/BP_DynamicMat.BP_DynamicMat 유효성 검사 중
[2022.03.07-09.55.26:545][114]LogEditorViewport: Clicking on Actor (LMB): StaticMeshActor (Floor)
[2022.03.07-09.55.27:002][136]LogUObjectHash: Compacting FUObjectHashTables data took   5.35ms
[2022.03.07-09.55.27:052][136]LogSavePackage: Moving '../../../../../../Users/KOCCA30/Desktop/Education/-/MyProject_3_7/Saved/FirstPersonExampleMap728A770C4041F625815070AFF9C6C98E.tmp' to '../../../../../../Users/KOCCA30/Desktop/Education/-/MyProject_3_7/Content/FirstPersonBP/Maps/FirstPersonExampleMap.umap'
[2022.03.07-09.55.27:359][136]LogSavePackage: Moving '../../../../../../Users/KOCCA30/Desktop/Education/-/MyProject_3_7/Saved/FirstPersonExampleMap_BuiltData610FF24A48F40FCD096C9CBDC4AEA945.tmp' to '../../../../../../Users/KOCCA30/Desktop/Education/-/MyProject_3_7/Content/FirstPersonBP/Maps/FirstPersonExampleMap_BuiltData.uasset'
[2022.03.07-09.55.27:380][136]AssetCheck: New page: 에셋 저장:  다수의 에셋
[2022.03.07-09.55.27:380][136]LogContentValidation: Display: MapBuildDataRegistry /Game/FirstPersonBP/Maps/FirstPersonExampleMap_BuiltData.FirstPersonExampleMap_BuiltData 유효성 검사 중
[2022.03.07-09.55.27:380][136]LogContentValidation: Display: World /Game/FirstPersonBP/Maps/FirstPersonExampleMap.FirstPersonExampleMap 유효성 검사 중
